fatto get_data() alle
2019-02-15 09:24:01.447385
Fri, 15 Feb 2019 09:00:00 +0100
Fri, 15 Feb 2019 09:00:00 +0100
Fri, 15 Feb 2019 09:00:00 +0100
Fri, 15 Feb 2019 09:00:00 +0100
Fri, 15 Feb 2019 09:00:00 +0100
Fri, 15 Feb 2019 09:00:00 +0100
fatto get_data() alle
2019-02-15 10:16:02.131120
Fri, 15 Feb 2019 09:00:00 +0100
Fri, 15 Feb 2019 10:00:00 +0100
Fri, 15 Feb 2019 10:00:00 +0100
Fri, 15 Feb 2019 10:00:00 +0100
Fri, 15 Feb 2019 10:00:00 +0100
Fri, 15 Feb 2019 10:00:00 +0100
fatto get_data() alle
2019-02-15 11:36:01.973586
Fri, 15 Feb 2019 11:00:00 +0100
Fri, 15 Feb 2019 11:00:00 +0100
Fri, 15 Feb 2019 11:00:00 +0100
Fri, 15 Feb 2019 11:00:00 +0100
Fri, 15 Feb 2019 11:00:00 +0100
Fri, 15 Feb 2019 11:00:00 +0100
fatto get_data() alle
2019-02-15 12:16:02.481876
Fri, 15 Feb 2019 12:00:00 +0100
Fri, 15 Feb 2019 12:00:00 +0100
Fri, 15 Feb 2019 12:00:00 +0100
Fri, 15 Feb 2019 12:00:00 +0100
Fri, 15 Feb 2019 12:00:00 +0100
Fri, 15 Feb 2019 12:00:00 +0100
fatto get_data() alle
2019-02-15 15:14:42.291696
Fri, 15 Feb 2019 15:00:00 +0100
Fri, 15 Feb 2019 15:00:00 +0100
Fri, 15 Feb 2019 15:00:00 +0100
Fri, 15 Feb 2019 15:00:00 +0100
Fri, 15 Feb 2019 15:00:00 +0100
Fri, 15 Feb 2019 14:00:00 +0100
fatto get_data() alle
2019-02-15 15:16:01.729157
Fri, 15 Feb 2019 15:00:00 +0100
Fri, 15 Feb 2019 15:00:00 +0100
Fri, 15 Feb 2019 15:00:00 +0100
Fri, 15 Feb 2019 15:00:00 +0100
Fri, 15 Feb 2019 15:00:00 +0100
Fri, 15 Feb 2019 14:00:00 +0100
fatto get_data() alle
2019-02-15 15:18:02.201497
Fri, 15 Feb 2019 15:00:00 +0100
Fri, 15 Feb 2019 15:00:00 +0100
Fri, 15 Feb 2019 15:00:00 +0100
Fri, 15 Feb 2019 15:00:00 +0100
Fri, 15 Feb 2019 15:00:00 +0100
Fri, 15 Feb 2019 14:00:00 +0100
fatto get_data() alle
2019-02-15 16:16:02.376618
Fri, 15 Feb 2019 16:00:00 +0100
Fri, 15 Feb 2019 16:00:00 +0100
Fri, 15 Feb 2019 16:00:00 +0100
Fri, 15 Feb 2019 16:00:00 +0100
Fri, 15 Feb 2019 16:00:00 +0100
Fri, 15 Feb 2019 16:00:00 +0100
fatto get_data() alle
2019-02-18 09:10:38.934679
Mon, 18 Feb 2019 09:00:00 +0100
Mon, 18 Feb 2019 09:00:00 +0100
Mon, 18 Feb 2019 09:00:00 +0100
Mon, 18 Feb 2019 09:00:00 +0100
Mon, 18 Feb 2019 09:00:00 +0100
Mon, 18 Feb 2019 09:00:00 +0100
fatto aggrega() alle
2019-02-18 09:10:42.245645
0
fatto get_data() alle
2019-02-18 09:12:02.300965
Mon, 18 Feb 2019 09:00:00 +0100
Mon, 18 Feb 2019 09:00:00 +0100
Mon, 18 Feb 2019 09:00:00 +0100
Mon, 18 Feb 2019 09:00:00 +0100
Mon, 18 Feb 2019 09:00:00 +0100
Mon, 18 Feb 2019 09:00:00 +0100
fatto get_data() alle
2019-02-18 09:14:01.613353
Mon, 18 Feb 2019 09:00:00 +0100
Mon, 18 Feb 2019 09:00:00 +0100
Mon, 18 Feb 2019 09:00:00 +0100
Mon, 18 Feb 2019 09:00:00 +0100
Mon, 18 Feb 2019 09:00:00 +0100
Mon, 18 Feb 2019 09:00:00 +0100
fatto get_data() alle
2019-02-18 09:16:02.053144
Mon, 18 Feb 2019 09:00:00 +0100
Mon, 18 Feb 2019 09:00:00 +0100
Mon, 18 Feb 2019 09:00:00 +0100
Mon, 18 Feb 2019 09:00:00 +0100
Mon, 18 Feb 2019 09:00:00 +0100
Mon, 18 Feb 2019 09:00:00 +0100
fatto get_data() alle
2019-02-18 09:18:02.409480
Mon, 18 Feb 2019 09:00:00 +0100
Mon, 18 Feb 2019 09:00:00 +0100
Mon, 18 Feb 2019 09:00:00 +0100
Mon, 18 Feb 2019 09:00:00 +0100
Mon, 18 Feb 2019 09:00:00 +0100
Mon, 18 Feb 2019 09:00:00 +0100
fatto get_data() alle
2019-02-18 09:20:01.737936
Mon, 18 Feb 2019 09:00:00 +0100
Mon, 18 Feb 2019 09:00:00 +0100
Mon, 18 Feb 2019 09:00:00 +0100
Mon, 18 Feb 2019 09:00:00 +0100
Mon, 18 Feb 2019 09:00:00 +0100
Mon, 18 Feb 2019 09:00:00 +0100
fatto get_data() alle
2019-02-18 09:22:02.174466
Mon, 18 Feb 2019 09:00:00 +0100
Mon, 18 Feb 2019 09:00:00 +0100
Mon, 18 Feb 2019 09:00:00 +0100
Mon, 18 Feb 2019 09:00:00 +0100
Mon, 18 Feb 2019 09:00:00 +0100
Mon, 18 Feb 2019 09:00:00 +0100
fatto get_data() alle
2019-02-18 09:24:01.527791
Mon, 18 Feb 2019 09:00:00 +0100
Mon, 18 Feb 2019 09:00:00 +0100
Mon, 18 Feb 2019 09:00:00 +0100
Mon, 18 Feb 2019 09:00:00 +0100
Mon, 18 Feb 2019 09:00:00 +0100
Mon, 18 Feb 2019 09:00:00 +0100
fatto get_data() alle
2019-02-18 09:26:01.932692
Mon, 18 Feb 2019 09:00:00 +0100
Mon, 18 Feb 2019 09:00:00 +0100
Mon, 18 Feb 2019 09:00:00 +0100
Mon, 18 Feb 2019 09:00:00 +0100
Mon, 18 Feb 2019 09:00:00 +0100
Mon, 18 Feb 2019 09:00:00 +0100
fatto get_data() alle
2019-02-18 09:28:02.306738
Mon, 18 Feb 2019 09:00:00 +0100
Mon, 18 Feb 2019 09:00:00 +0100
Mon, 18 Feb 2019 09:00:00 +0100
Mon, 18 Feb 2019 09:00:00 +0100
Mon, 18 Feb 2019 09:00:00 +0100
Mon, 18 Feb 2019 09:00:00 +0100
fatto get_data() alle
2019-02-18 10:16:01.745084
Mon, 18 Feb 2019 10:00:00 +0100
Mon, 18 Feb 2019 10:00:00 +0100
Mon, 18 Feb 2019 10:00:00 +0100
Mon, 18 Feb 2019 10:00:00 +0100
Mon, 18 Feb 2019 10:00:00 +0100
Mon, 18 Feb 2019 10:00:00 +0100
fatto get_data() alle
2019-02-18 11:16:01.483558
Mon, 18 Feb 2019 11:00:00 +0100
Mon, 18 Feb 2019 11:00:00 +0100
Mon, 18 Feb 2019 11:00:00 +0100
Mon, 18 Feb 2019 11:00:00 +0100
Mon, 18 Feb 2019 11:00:00 +0100
Mon, 18 Feb 2019 11:00:00 +0100
fatto get_data() alle
2019-02-18 14:09:03.235698
Mon, 18 Feb 2019 14:00:00 +0100
Mon, 18 Feb 2019 14:00:00 +0100
Mon, 18 Feb 2019 14:00:00 +0100
Mon, 18 Feb 2019 14:00:00 +0100
Mon, 18 Feb 2019 14:00:00 +0100
Mon, 18 Feb 2019 14:00:00 +0100
fatto get_data() alle
2019-02-18 14:10:01.632308
Mon, 18 Feb 2019 14:00:00 +0100
Mon, 18 Feb 2019 14:00:00 +0100
Mon, 18 Feb 2019 14:00:00 +0100
Mon, 18 Feb 2019 14:00:00 +0100
Mon, 18 Feb 2019 14:00:00 +0100
Mon, 18 Feb 2019 14:00:00 +0100
fatto get_data() alle
2019-02-18 14:16:01.888330
Mon, 18 Feb 2019 14:00:00 +0100
Mon, 18 Feb 2019 14:00:00 +0100
Mon, 18 Feb 2019 14:00:00 +0100
Mon, 18 Feb 2019 14:00:00 +0100
Mon, 18 Feb 2019 14:00:00 +0100
Mon, 18 Feb 2019 14:00:00 +0100
fatto get_data() alle
2019-02-18 15:16:02.026027
Mon, 18 Feb 2019 15:00:00 +0100
Mon, 18 Feb 2019 15:00:00 +0100
Mon, 18 Feb 2019 15:00:00 +0100
Mon, 18 Feb 2019 15:00:00 +0100
Mon, 18 Feb 2019 15:00:00 +0100
Mon, 18 Feb 2019 15:00:00 +0100
fatto get_data() alle
2019-02-18 16:16:01.970265
Mon, 18 Feb 2019 16:00:00 +0100
Mon, 18 Feb 2019 16:00:00 +0100
Mon, 18 Feb 2019 16:00:00 +0100
Mon, 18 Feb 2019 16:00:00 +0100
Mon, 18 Feb 2019 16:00:00 +0100
Mon, 18 Feb 2019 16:00:00 +0100
fatto get_data() alle
2019-02-19 08:48:15.057284
Tue, 19 Feb 2019 08:00:00 +0100
Tue, 19 Feb 2019 08:00:00 +0100
Tue, 19 Feb 2019 08:00:00 +0100
Tue, 19 Feb 2019 08:00:00 +0100
Tue, 19 Feb 2019 08:00:00 +0100
Tue, 19 Feb 2019 08:00:00 +0100
fatto aggrega() alle
2019-02-19 08:48:17.115595
36
fatto get_data() alle
2019-02-19 08:50:02.081794
Tue, 19 Feb 2019 08:00:00 +0100
Tue, 19 Feb 2019 08:00:00 +0100
Tue, 19 Feb 2019 08:00:00 +0100
Tue, 19 Feb 2019 08:00:00 +0100
Tue, 19 Feb 2019 08:00:00 +0100
Tue, 19 Feb 2019 08:00:00 +0100
fatto get_data() alle
2019-02-19 08:52:02.357764
Tue, 19 Feb 2019 08:00:00 +0100
Tue, 19 Feb 2019 08:00:00 +0100
Tue, 19 Feb 2019 08:00:00 +0100
Tue, 19 Feb 2019 08:00:00 +0100
Tue, 19 Feb 2019 08:00:00 +0100
Tue, 19 Feb 2019 08:00:00 +0100
fatto get_data() alle
2019-02-19 08:54:01.851412
Tue, 19 Feb 2019 08:00:00 +0100
Tue, 19 Feb 2019 08:00:00 +0100
Tue, 19 Feb 2019 08:00:00 +0100
Tue, 19 Feb 2019 08:00:00 +0100
Tue, 19 Feb 2019 08:00:00 +0100
Tue, 19 Feb 2019 08:00:00 +0100
fatto get_data() alle
2019-02-19 08:56:02.195043
Tue, 19 Feb 2019 08:00:00 +0100
Tue, 19 Feb 2019 08:00:00 +0100
Tue, 19 Feb 2019 08:00:00 +0100
Tue, 19 Feb 2019 08:00:00 +0100
Tue, 19 Feb 2019 08:00:00 +0100
Tue, 19 Feb 2019 08:00:00 +0100
fatto get_data() alle
2019-02-19 08:58:01.513470
Tue, 19 Feb 2019 08:00:00 +0100
Tue, 19 Feb 2019 08:00:00 +0100
Tue, 19 Feb 2019 08:00:00 +0100
Tue, 19 Feb 2019 08:00:00 +0100
Tue, 19 Feb 2019 08:00:00 +0100
Tue, 19 Feb 2019 08:00:00 +0100
fatto get_data() alle
2019-02-19 09:00:02.005134
Tue, 19 Feb 2019 08:00:00 +0100
Tue, 19 Feb 2019 08:00:00 +0100
Tue, 19 Feb 2019 08:00:00 +0100
Tue, 19 Feb 2019 08:00:00 +0100
Tue, 19 Feb 2019 09:00:00 +0100
Tue, 19 Feb 2019 09:00:00 +0100
fatto get_data() alle
2019-02-19 09:02:01.576304
Tue, 19 Feb 2019 09:00:00 +0100
Tue, 19 Feb 2019 08:00:00 +0100
Tue, 19 Feb 2019 09:00:00 +0100
Tue, 19 Feb 2019 09:00:00 +0100
Tue, 19 Feb 2019 09:00:00 +0100
Tue, 19 Feb 2019 09:00:00 +0100
fatto get_data() alle
2019-02-19 09:04:02.554821
Tue, 19 Feb 2019 09:00:00 +0100
Tue, 19 Feb 2019 08:00:00 +0100
Tue, 19 Feb 2019 09:00:00 +0100
Tue, 19 Feb 2019 09:00:00 +0100
Tue, 19 Feb 2019 09:00:00 +0100
Tue, 19 Feb 2019 09:00:00 +0100
fatto get_data() alle
2019-02-19 09:16:02.396241
Tue, 19 Feb 2019 09:00:00 +0100
Tue, 19 Feb 2019 08:00:00 +0100
Tue, 19 Feb 2019 09:00:00 +0100
Tue, 19 Feb 2019 09:00:00 +0100
Tue, 19 Feb 2019 09:00:00 +0100
Tue, 19 Feb 2019 09:00:00 +0100
fatto get_data() alle
2019-02-19 10:20:02.094307
Tue, 19 Feb 2019 10:00:00 +0100
Tue, 19 Feb 2019 10:00:00 +0100
Tue, 19 Feb 2019 10:00:00 +0100
Tue, 19 Feb 2019 10:00:00 +0100
Tue, 19 Feb 2019 10:00:00 +0100
Tue, 19 Feb 2019 10:00:00 +0100
fatto get_data() alle
2019-02-19 11:20:02.288709
Tue, 19 Feb 2019 11:00:00 +0100
Tue, 19 Feb 2019 11:00:00 +0100
Tue, 19 Feb 2019 10:00:00 +0100
Tue, 19 Feb 2019 11:00:00 +0100
Tue, 19 Feb 2019 11:00:00 +0100
Tue, 19 Feb 2019 11:00:00 +0100
fatto get_data() alle
2019-02-19 12:20:02.263825
Tue, 19 Feb 2019 12:00:00 +0100
Tue, 19 Feb 2019 12:00:00 +0100
Tue, 19 Feb 2019 12:00:00 +0100
Tue, 19 Feb 2019 12:00:00 +0100
Tue, 19 Feb 2019 12:00:00 +0100
Tue, 19 Feb 2019 12:00:00 +0100
fatto get_data() alle
2019-02-19 14:40:11.177956
Tue, 19 Feb 2019 14:00:00 +0100
Tue, 19 Feb 2019 14:00:00 +0100
Tue, 19 Feb 2019 14:00:00 +0100
Tue, 19 Feb 2019 14:00:00 +0100
Tue, 19 Feb 2019 14:00:00 +0100
Tue, 19 Feb 2019 14:00:00 +0100
fatto get_data() alle
2019-02-19 14:50:02.093446
Tue, 19 Feb 2019 14:00:00 +0100
Tue, 19 Feb 2019 14:00:00 +0100
Tue, 19 Feb 2019 14:00:00 +0100
Tue, 19 Feb 2019 14:00:00 +0100
Tue, 19 Feb 2019 14:00:00 +0100
Tue, 19 Feb 2019 14:00:00 +0100
fatto get_data() alle
2019-02-20 09:00:09.937757
Wed, 20 Feb 2019 08:00:00 +0100
Wed, 20 Feb 2019 08:00:00 +0100
Wed, 20 Feb 2019 08:00:00 +0100
Wed, 20 Feb 2019 08:00:00 +0100
Wed, 20 Feb 2019 09:00:00 +0100
Wed, 20 Feb 2019 09:00:00 +0100
fatto aggrega() alle
2019-02-20 09:00:12.274092
46
fatto get_data() alle
2019-02-20 09:10:02.206407
Wed, 20 Feb 2019 09:00:00 +0100
Wed, 20 Feb 2019 09:00:00 +0100
Wed, 20 Feb 2019 08:00:00 +0100
Wed, 20 Feb 2019 09:00:00 +0100
Wed, 20 Feb 2019 09:00:00 +0100
Wed, 20 Feb 2019 09:00:00 +0100
fatto get_data() alle
2019-02-20 09:20:02.806689
Wed, 20 Feb 2019 09:00:00 +0100
Wed, 20 Feb 2019 09:00:00 +0100
Wed, 20 Feb 2019 08:00:00 +0100
Wed, 20 Feb 2019 09:00:00 +0100
Wed, 20 Feb 2019 09:00:00 +0100
Wed, 20 Feb 2019 09:00:00 +0100
fatto get_data() alle
2019-02-20 09:30:03.814545
Wed, 20 Feb 2019 09:00:00 +0100
Wed, 20 Feb 2019 09:00:00 +0100
Wed, 20 Feb 2019 08:00:00 +0100
Wed, 20 Feb 2019 09:00:00 +0100
Wed, 20 Feb 2019 09:00:00 +0100
Wed, 20 Feb 2019 09:00:00 +0100
fatto get_data() alle
2019-02-20 09:40:02.195330
Wed, 20 Feb 2019 09:00:00 +0100
Wed, 20 Feb 2019 09:00:00 +0100
Wed, 20 Feb 2019 08:00:00 +0100
Wed, 20 Feb 2019 09:00:00 +0100
Wed, 20 Feb 2019 09:00:00 +0100
Wed, 20 Feb 2019 09:00:00 +0100
fatto get_data() alle
2019-02-20 09:50:01.624543
Wed, 20 Feb 2019 09:00:00 +0100
Wed, 20 Feb 2019 09:00:00 +0100
Wed, 20 Feb 2019 08:00:00 +0100
Wed, 20 Feb 2019 09:00:00 +0100
Wed, 20 Feb 2019 09:00:00 +0100
Wed, 20 Feb 2019 09:00:00 +0100
fatto get_data() alle
2019-02-20 10:00:02.042844
Wed, 20 Feb 2019 09:00:00 +0100
Wed, 20 Feb 2019 09:00:00 +0100
Wed, 20 Feb 2019 08:00:00 +0100
Wed, 20 Feb 2019 09:00:00 +0100
Wed, 20 Feb 2019 10:00:00 +0100
Wed, 20 Feb 2019 10:00:00 +0100
fatto get_data() alle
2019-02-20 10:10:02.415465
Wed, 20 Feb 2019 10:00:00 +0100
Wed, 20 Feb 2019 10:00:00 +0100
Wed, 20 Feb 2019 10:00:00 +0100
Wed, 20 Feb 2019 10:00:00 +0100
Wed, 20 Feb 2019 10:00:00 +0100
Wed, 20 Feb 2019 10:00:00 +0100
fatto get_data() alle
2019-02-20 10:20:02.387042
Wed, 20 Feb 2019 10:00:00 +0100
Wed, 20 Feb 2019 10:00:00 +0100
Wed, 20 Feb 2019 10:00:00 +0100
Wed, 20 Feb 2019 10:00:00 +0100
Wed, 20 Feb 2019 10:00:00 +0100
Wed, 20 Feb 2019 10:00:00 +0100
fatto get_data() alle
2019-02-20 10:30:02.158784
Wed, 20 Feb 2019 10:00:00 +0100
Wed, 20 Feb 2019 10:00:00 +0100
Wed, 20 Feb 2019 10:00:00 +0100
Wed, 20 Feb 2019 10:00:00 +0100
Wed, 20 Feb 2019 10:00:00 +0100
Wed, 20 Feb 2019 10:00:00 +0100
fatto get_data() alle
2019-02-20 11:20:02.262132
Wed, 20 Feb 2019 11:00:00 +0100
Wed, 20 Feb 2019 11:00:00 +0100
Wed, 20 Feb 2019 11:00:00 +0100
Wed, 20 Feb 2019 11:00:00 +0100
Wed, 20 Feb 2019 11:00:00 +0100
Wed, 20 Feb 2019 11:00:00 +0100
fatto get_data() alle
2019-02-20 12:20:02.313516
Wed, 20 Feb 2019 12:00:00 +0100
Wed, 20 Feb 2019 12:00:00 +0100
Wed, 20 Feb 2019 12:00:00 +0100
Wed, 20 Feb 2019 12:00:00 +0100
Wed, 20 Feb 2019 11:00:00 +0100
Wed, 20 Feb 2019 12:00:00 +0100
fatto get_data() alle
2019-02-20 14:30:41.032718
Wed, 20 Feb 2019 14:00:00 +0100
Wed, 20 Feb 2019 14:00:00 +0100
Wed, 20 Feb 2019 14:00:00 +0100
Wed, 20 Feb 2019 14:00:00 +0100
Wed, 20 Feb 2019 14:00:00 +0100
Wed, 20 Feb 2019 14:00:00 +0100
fatto get_data() alle
2019-02-20 14:40:02.133700
Wed, 20 Feb 2019 14:00:00 +0100
Wed, 20 Feb 2019 14:00:00 +0100
Wed, 20 Feb 2019 14:00:00 +0100
Wed, 20 Feb 2019 14:00:00 +0100
Wed, 20 Feb 2019 14:00:00 +0100
Wed, 20 Feb 2019 14:00:00 +0100
fatto get_data() alle
2019-02-25 08:50:23.620745
Mon, 25 Feb 2019 08:00:00 +0100
Mon, 25 Feb 2019 08:00:00 +0100
Mon, 25 Feb 2019 08:00:00 +0100
Mon, 25 Feb 2019 08:00:00 +0100
Mon, 25 Feb 2019 08:00:00 +0100
Mon, 25 Feb 2019 08:00:00 +0100
fatto aggrega() alle
2019-02-25 08:50:25.610424
0
fatto get_data() alle
2019-02-25 09:00:01.833657
Mon, 25 Feb 2019 08:00:00 +0100
Mon, 25 Feb 2019 08:00:00 +0100
Mon, 25 Feb 2019 08:00:00 +0100
Mon, 25 Feb 2019 08:00:00 +0100
Mon, 25 Feb 2019 09:00:00 +0100
Mon, 25 Feb 2019 09:00:00 +0100
fatto get_data() alle
2019-02-25 09:10:01.519936
fatto get_data() alle
2019-02-25 11:40:10.104604
Mon, 25 Feb 2019 11:00:00 +0100
Mon, 25 Feb 2019 11:00:00 +0100
Mon, 25 Feb 2019 11:00:00 +0100
Mon, 25 Feb 2019 11:00:00 +0100
Mon, 25 Feb 2019 11:00:00 +0100
Mon, 25 Feb 2019 11:00:00 +0100
fatto get_data() alle
2019-02-25 11:50:02.137308
Mon, 25 Feb 2019 11:00:00 +0100
Mon, 25 Feb 2019 11:00:00 +0100
Mon, 25 Feb 2019 11:00:00 +0100
Mon, 25 Feb 2019 11:00:00 +0100
Mon, 25 Feb 2019 11:00:00 +0100
Mon, 25 Feb 2019 11:00:00 +0100
fatto get_data() alle
2019-02-25 12:00:01.755526
Mon, 25 Feb 2019 11:00:00 +0100
Mon, 25 Feb 2019 11:00:00 +0100
Mon, 25 Feb 2019 11:00:00 +0100
Mon, 25 Feb 2019 11:00:00 +0100
Mon, 25 Feb 2019 12:00:00 +0100
Mon, 25 Feb 2019 12:00:00 +0100
fatto get_data() alle
2019-02-25 12:10:02.062851
Mon, 25 Feb 2019 12:00:00 +0100
Mon, 25 Feb 2019 12:00:00 +0100
Mon, 25 Feb 2019 12:00:00 +0100
Mon, 25 Feb 2019 12:00:00 +0100
Mon, 25 Feb 2019 12:00:00 +0100
Mon, 25 Feb 2019 12:00:00 +0100
fatto get_data() alle
2019-02-25 12:20:01.841851
Mon, 25 Feb 2019 12:00:00 +0100
Mon, 25 Feb 2019 12:00:00 +0100
Mon, 25 Feb 2019 12:00:00 +0100
Mon, 25 Feb 2019 12:00:00 +0100
Mon, 25 Feb 2019 12:00:00 +0100
Mon, 25 Feb 2019 12:00:00 +0100
fatto get_data() alle
2019-02-25 12:30:02.285799
Mon, 25 Feb 2019 12:00:00 +0100
Mon, 25 Feb 2019 12:00:00 +0100
Mon, 25 Feb 2019 12:00:00 +0100
Mon, 25 Feb 2019 12:00:00 +0100
Mon, 25 Feb 2019 12:00:00 +0100
Mon, 25 Feb 2019 12:00:00 +0100
fatto get_data() alle
2019-02-25 12:40:02.082448
Mon, 25 Feb 2019 12:00:00 +0100
Mon, 25 Feb 2019 12:00:00 +0100
Mon, 25 Feb 2019 12:00:00 +0100
Mon, 25 Feb 2019 12:00:00 +0100
Mon, 25 Feb 2019 12:00:00 +0100
Mon, 25 Feb 2019 12:00:00 +0100
fatto get_data() alle
2019-02-25 12:50:01.664058
Mon, 25 Feb 2019 12:00:00 +0100
Mon, 25 Feb 2019 12:00:00 +0100
Mon, 25 Feb 2019 12:00:00 +0100
Mon, 25 Feb 2019 12:00:00 +0100
Mon, 25 Feb 2019 12:00:00 +0100
Mon, 25 Feb 2019 12:00:00 +0100
fatto get_data() alle
2019-02-25 13:00:02.193237
Mon, 25 Feb 2019 12:00:00 +0100
Mon, 25 Feb 2019 12:00:00 +0100
Mon, 25 Feb 2019 12:00:00 +0100
Mon, 25 Feb 2019 12:00:00 +0100
Mon, 25 Feb 2019 13:00:00 +0100
Mon, 25 Feb 2019 13:00:00 +0100
fatto get_data() alle
2019-02-25 13:10:01.659276
Mon, 25 Feb 2019 13:00:00 +0100
Mon, 25 Feb 2019 13:00:00 +0100
Mon, 25 Feb 2019 13:00:00 +0100
Mon, 25 Feb 2019 13:00:00 +0100
Mon, 25 Feb 2019 13:00:00 +0100
Mon, 25 Feb 2019 13:00:00 +0100
fatto get_data() alle
2019-02-25 13:20:02.220017
Mon, 25 Feb 2019 13:00:00 +0100
Mon, 25 Feb 2019 13:00:00 +0100
Mon, 25 Feb 2019 13:00:00 +0100
Mon, 25 Feb 2019 13:00:00 +0100
Mon, 25 Feb 2019 13:00:00 +0100
Mon, 25 Feb 2019 13:00:00 +0100
fatto get_data() alle
2019-02-25 13:30:01.695520
Mon, 25 Feb 2019 13:00:00 +0100
Mon, 25 Feb 2019 13:00:00 +0100
Mon, 25 Feb 2019 13:00:00 +0100
Mon, 25 Feb 2019 13:00:00 +0100
Mon, 25 Feb 2019 13:00:00 +0100
Mon, 25 Feb 2019 13:00:00 +0100
fatto get_data() alle
2019-02-25 14:20:02.180542
Mon, 25 Feb 2019 14:00:00 +0100
Mon, 25 Feb 2019 13:00:00 +0100
Mon, 25 Feb 2019 14:00:00 +0100
Mon, 25 Feb 2019 14:00:00 +0100
Mon, 25 Feb 2019 14:00:00 +0100
Mon, 25 Feb 2019 14:00:00 +0100
fatto get_data() alle
2019-02-25 15:20:01.744138
Mon, 25 Feb 2019 15:00:00 +0100
Mon, 25 Feb 2019 15:00:00 +0100
Mon, 25 Feb 2019 15:00:00 +0100
Mon, 25 Feb 2019 15:00:00 +0100
Mon, 25 Feb 2019 15:00:00 +0100
Mon, 25 Feb 2019 15:00:00 +0100
Make sure these are valid cron class names: ['income.cron.get_data', 'income.cron.aggregate_data']
Traceback (most recent call last):
  File "/home/pierluigi/.virtualenvs/retevista/lib/python2.7/site-packages/django_cron/management/commands/runcrons.py", line 44, in handle
    crons_to_run = [get_class(x) for x in cron_class_names]
  File "/home/pierluigi/.virtualenvs/retevista/lib/python2.7/site-packages/django_cron/__init__.py", line 23, in get_class
    m = __import__(module)
  File "/home/pierluigi/Sviluppo/retevista/income/cron.py", line 3, in <module>
    from get_data_stations import get_and_put
  File "/home/pierluigi/Sviluppo/retevista/income/get_data_stations.py", line 52
    if last_3h[0].dataora.hour ==
                                ^
SyntaxError: invalid syntax
fatto get_data() alle
2019-02-26 12:00:43.521257
Tue, 26 Feb 2019 12:00:00 +0100
fatto aggrega() alle
2019-02-26 12:00:44.240614
43
fatto get_data() alle
2019-02-26 12:10:01.825657
Tue, 26 Feb 2019 12:00:00 +0100
fatto get_data() alle
2019-02-26 12:20:01.646531
Tue, 26 Feb 2019 12:00:00 +0100
Tue, 26 Feb 2019 12:00:00 +0100
Tue, 26 Feb 2019 12:00:00 +0100
Tue, 26 Feb 2019 12:00:00 +0100
Tue, 26 Feb 2019 12:00:00 +0100
Tue, 26 Feb 2019 12:00:00 +0100
fatto get_data() alle
2019-02-26 12:30:02.044943
Tue, 26 Feb 2019 12:00:00 +0100
Tue, 26 Feb 2019 12:00:00 +0100
Tue, 26 Feb 2019 12:00:00 +0100
Tue, 26 Feb 2019 12:00:00 +0100
Tue, 26 Feb 2019 12:00:00 +0100
Tue, 26 Feb 2019 12:00:00 +0100
fatto get_data() alle
2019-02-26 12:40:01.560212
Tue, 26 Feb 2019 12:00:00 +0100
Tue, 26 Feb 2019 12:00:00 +0100
Tue, 26 Feb 2019 12:00:00 +0100
Tue, 26 Feb 2019 12:00:00 +0100
Tue, 26 Feb 2019 12:00:00 +0100
Tue, 26 Feb 2019 12:00:00 +0100
fatto get_data() alle
2019-02-26 12:50:02.536627
Tue, 26 Feb 2019 12:00:00 +0100
Tue, 26 Feb 2019 12:00:00 +0100
Tue, 26 Feb 2019 12:00:00 +0100
Tue, 26 Feb 2019 12:00:00 +0100
Tue, 26 Feb 2019 12:00:00 +0100
Tue, 26 Feb 2019 12:00:00 +0100
Make sure these are valid cron class names: ['income.cron.get_data', 'income.cron.aggregate_data']
Traceback (most recent call last):
  File "/home/pierluigi/.virtualenvs/retevista/lib/python2.7/site-packages/django_cron/management/commands/runcrons.py", line 44, in handle
    crons_to_run = [get_class(x) for x in cron_class_names]
  File "/home/pierluigi/.virtualenvs/retevista/lib/python2.7/site-packages/django_cron/__init__.py", line 23, in get_class
    m = __import__(module)
  File "/home/pierluigi/Sviluppo/retevista/income/cron.py", line 3, in <module>
    from get_data_stations import get_and_put
  File "/home/pierluigi/Sviluppo/retevista/income/get_data_stations.py", line 50
    ET_day_last = osservazione.et_cum_day +
                                          ^
SyntaxError: invalid syntax
fatto get_data() alle
2019-02-26 14:51:20.020150
Tue, 26 Feb 2019 14:00:00 +0100
fatto get_data() alle
2019-02-26 15:00:01.961858
Tue, 26 Feb 2019 14:00:00 +0100
Tue, 26 Feb 2019 14:00:00 +0100
Tue, 26 Feb 2019 14:00:00 +0100
Tue, 26 Feb 2019 14:00:00 +0100
Tue, 26 Feb 2019 15:00:00 +0100
Tue, 26 Feb 2019 15:00:00 +0100
fatto get_data() alle
2019-02-26 15:10:02.423600
Tue, 26 Feb 2019 15:00:00 +0100
Tue, 26 Feb 2019 15:00:00 +0100
Tue, 26 Feb 2019 15:00:00 +0100
Tue, 26 Feb 2019 15:00:00 +0100
Tue, 26 Feb 2019 15:00:00 +0100
Tue, 26 Feb 2019 15:00:00 +0100
fatto get_data() alle
2019-02-26 15:20:01.766414
Tue, 26 Feb 2019 15:00:00 +0100
Tue, 26 Feb 2019 15:00:00 +0100
Tue, 26 Feb 2019 15:00:00 +0100
Tue, 26 Feb 2019 15:00:00 +0100
Tue, 26 Feb 2019 15:00:00 +0100
Tue, 26 Feb 2019 15:00:00 +0100
fatto get_data() alle
2019-02-26 15:30:02.131165
Tue, 26 Feb 2019 15:00:00 +0100
Tue, 26 Feb 2019 15:00:00 +0100
Tue, 26 Feb 2019 15:00:00 +0100
Tue, 26 Feb 2019 15:00:00 +0100
Tue, 26 Feb 2019 15:00:00 +0100
Tue, 26 Feb 2019 15:00:00 +0100
fatto get_data() alle
2019-02-26 15:40:01.526190
Tue, 26 Feb 2019 15:00:00 +0100
Tue, 26 Feb 2019 15:00:00 +0100
Tue, 26 Feb 2019 15:00:00 +0100
Tue, 26 Feb 2019 15:00:00 +0100
Tue, 26 Feb 2019 15:00:00 +0100
Tue, 26 Feb 2019 15:00:00 +0100
Make sure these are valid cron class names: ['income.cron.get_data', 'income.cron.aggregate_data']
Traceback (most recent call last):
  File "/home/pierluigi/.virtualenvs/retevista/lib/python2.7/site-packages/django_cron/management/commands/runcrons.py", line 44, in handle
    crons_to_run = [get_class(x) for x in cron_class_names]
  File "/home/pierluigi/.virtualenvs/retevista/lib/python2.7/site-packages/django_cron/__init__.py", line 23, in get_class
    m = __import__(module)
  File "/home/pierluigi/Sviluppo/retevista/income/cron.py", line 4, in <module>
    from aggregate_data import aggrega
  File "/home/pierluigi/Sviluppo/retevista/income/aggregate_data.py", line 26
SyntaxError: Non-ASCII character '\xc3' in file /home/pierluigi/Sviluppo/retevista/income/aggregate_data.py on line 26, but no encoding declared; see http://python.org/dev/peps/pep-0263/ for details
fatto get_data() alle
2019-02-26 16:00:02.420165
Tue, 26 Feb 2019 15:00:00 +0100
Tue, 26 Feb 2019 15:00:00 +0100
Tue, 26 Feb 2019 15:00:00 +0100
Tue, 26 Feb 2019 15:00:00 +0100
Tue, 26 Feb 2019 16:00:00 +0100
Tue, 26 Feb 2019 16:00:00 +0100
fatto get_data() alle
2019-02-26 16:10:02.070577
Tue, 26 Feb 2019 16:00:00 +0100
Tue, 26 Feb 2019 16:00:00 +0100
Tue, 26 Feb 2019 16:00:00 +0100
Tue, 26 Feb 2019 16:00:00 +0100
Tue, 26 Feb 2019 16:00:00 +0100
Tue, 26 Feb 2019 16:00:00 +0100
fatto get_data() alle
2019-02-27 08:40:09.459303
Wed, 27 Feb 2019 08:00:00 +0100
Wed, 27 Feb 2019 08:00:00 +0100
Wed, 27 Feb 2019 08:00:00 +0100
Wed, 27 Feb 2019 08:00:00 +0100
Wed, 27 Feb 2019 08:00:00 +0100
Wed, 27 Feb 2019 08:00:00 +0100
fatto aggrega() alle
2019-02-27 08:40:11.508163
23
fatto get_data() alle
2019-02-27 08:50:01.558447
Wed, 27 Feb 2019 08:00:00 +0100
fatto get_data() alle
2019-02-27 09:00:01.471093
Wed, 27 Feb 2019 08:00:00 +0100
fatto get_data() alle
2019-02-27 09:10:02.391689
Wed, 27 Feb 2019 09:00:00 +0100
Wed, 27 Feb 2019 09:00:00 +0100
Wed, 27 Feb 2019 09:00:00 +0100
Wed, 27 Feb 2019 09:00:00 +0100
Wed, 27 Feb 2019 09:00:00 +0100
Wed, 27 Feb 2019 09:00:00 +0100
fatto get_data() alle
2019-02-27 09:20:02.291287
Wed, 27 Feb 2019 09:00:00 +0100
Wed, 27 Feb 2019 09:00:00 +0100
Wed, 27 Feb 2019 09:00:00 +0100
Wed, 27 Feb 2019 09:00:00 +0100
Wed, 27 Feb 2019 09:00:00 +0100
Wed, 27 Feb 2019 09:00:00 +0100
fatto get_data() alle
2019-02-27 09:30:01.577819
Wed, 27 Feb 2019 09:00:00 +0100
Wed, 27 Feb 2019 09:00:00 +0100
Wed, 27 Feb 2019 09:00:00 +0100
Wed, 27 Feb 2019 09:00:00 +0100
Wed, 27 Feb 2019 09:00:00 +0100
Wed, 27 Feb 2019 09:00:00 +0100
fatto get_data() alle
2019-02-27 09:40:01.980614
Wed, 27 Feb 2019 09:00:00 +0100
Wed, 27 Feb 2019 09:00:00 +0100
Wed, 27 Feb 2019 09:00:00 +0100
Wed, 27 Feb 2019 09:00:00 +0100
Wed, 27 Feb 2019 09:00:00 +0100
Wed, 27 Feb 2019 09:00:00 +0100
fatto get_data() alle
2019-02-27 09:50:05.587630
Wed, 27 Feb 2019 09:00:00 +0100
Wed, 27 Feb 2019 09:00:00 +0100
Wed, 27 Feb 2019 09:00:00 +0100
Wed, 27 Feb 2019 09:00:00 +0100
Wed, 27 Feb 2019 09:00:00 +0100
Wed, 27 Feb 2019 09:00:00 +0100
fatto get_data() alle
2019-02-27 10:00:03.549993
Wed, 27 Feb 2019 09:00:00 +0100
Wed, 27 Feb 2019 09:00:00 +0100
Wed, 27 Feb 2019 09:00:00 +0100
Wed, 27 Feb 2019 09:00:00 +0100
Wed, 27 Feb 2019 10:00:00 +0100
Wed, 27 Feb 2019 10:00:00 +0100
fatto get_data() alle
2019-02-27 10:10:02.195864
Wed, 27 Feb 2019 10:00:00 +0100
Wed, 27 Feb 2019 10:00:00 +0100
Wed, 27 Feb 2019 10:00:00 +0100
Wed, 27 Feb 2019 10:00:00 +0100
Wed, 27 Feb 2019 10:00:00 +0100
Wed, 27 Feb 2019 10:00:00 +0100
fatto get_data() alle
2019-02-27 10:20:01.556115
Wed, 27 Feb 2019 10:00:00 +0100
Wed, 27 Feb 2019 10:00:00 +0100
Wed, 27 Feb 2019 10:00:00 +0100
Wed, 27 Feb 2019 10:00:00 +0100
Wed, 27 Feb 2019 10:00:00 +0100
Wed, 27 Feb 2019 10:00:00 +0100
fatto get_data() alle
2019-02-27 10:30:01.836896
Wed, 27 Feb 2019 10:00:00 +0100
Wed, 27 Feb 2019 10:00:00 +0100
Wed, 27 Feb 2019 10:00:00 +0100
Wed, 27 Feb 2019 10:00:00 +0100
Wed, 27 Feb 2019 10:00:00 +0100
Wed, 27 Feb 2019 10:00:00 +0100
fatto get_data() alle
2019-02-27 10:40:02.143054
Wed, 27 Feb 2019 10:00:00 +0100
Wed, 27 Feb 2019 10:00:00 +0100
Wed, 27 Feb 2019 10:00:00 +0100
Wed, 27 Feb 2019 10:00:00 +0100
Wed, 27 Feb 2019 10:00:00 +0100
Wed, 27 Feb 2019 10:00:00 +0100
fatto get_data() alle
2019-02-27 11:20:02.365335
Wed, 27 Feb 2019 11:00:00 +0100
Wed, 27 Feb 2019 11:00:00 +0100
Wed, 27 Feb 2019 11:00:00 +0100
Wed, 27 Feb 2019 11:00:00 +0100
Wed, 27 Feb 2019 11:00:00 +0100
Wed, 27 Feb 2019 11:00:00 +0100
fatto get_data() alle
2019-02-27 12:20:01.963926
Wed, 27 Feb 2019 12:00:00 +0100
Wed, 27 Feb 2019 12:00:00 +0100
Wed, 27 Feb 2019 12:00:00 +0100
Wed, 27 Feb 2019 12:00:00 +0100
Wed, 27 Feb 2019 12:00:00 +0100
Wed, 27 Feb 2019 12:00:00 +0100
fatto get_data() alle
2019-02-27 14:40:10.842494
Wed, 27 Feb 2019 13:00:00 +0100
Wed, 27 Feb 2019 14:00:00 +0100
Wed, 27 Feb 2019 14:00:00 +0100
Wed, 27 Feb 2019 14:00:00 +0100
Wed, 27 Feb 2019 14:00:00 +0100
Wed, 27 Feb 2019 14:00:00 +0100
fatto get_data() alle
2019-02-27 14:50:01.678131
Wed, 27 Feb 2019 13:00:00 +0100
Wed, 27 Feb 2019 14:00:00 +0100
Wed, 27 Feb 2019 14:00:00 +0100
Wed, 27 Feb 2019 14:00:00 +0100
Wed, 27 Feb 2019 14:00:00 +0100
Wed, 27 Feb 2019 14:00:00 +0100
fatto get_data() alle
2019-02-27 15:20:01.926017
Wed, 27 Feb 2019 15:00:00 +0100
fatto get_data() alle
2019-02-27 15:30:01.840783
Wed, 27 Feb 2019 15:00:00 +0100
fatto get_data() alle
2019-03-04 14:50:58.132391
Mon, 4 Mar 2019 14:00:00 +0100
Mon, 4 Mar 2019 14:00:00 +0100
Mon, 4 Mar 2019 14:00:00 +0100
Mon, 4 Mar 2019 14:00:00 +0100
Mon, 4 Mar 2019 14:00:00 +0100
Mon, 4 Mar 2019 14:00:00 +0100
fatto aggrega() alle
2019-03-04 14:51:02.202200
0
fatto get_data() alle
2019-03-04 15:00:01.915522
Mon, 4 Mar 2019 14:00:00 +0100
Mon, 4 Mar 2019 14:00:00 +0100
Mon, 4 Mar 2019 14:00:00 +0100
Mon, 4 Mar 2019 14:00:00 +0100
Mon, 4 Mar 2019 15:00:00 +0100
Mon, 4 Mar 2019 15:00:00 +0100
fatto get_data() alle
2019-03-04 15:10:01.586819
Mon, 4 Mar 2019 15:00:00 +0100
Mon, 4 Mar 2019 15:00:00 +0100
Mon, 4 Mar 2019 15:00:00 +0100
Mon, 4 Mar 2019 15:00:00 +0100
Mon, 4 Mar 2019 15:00:00 +0100
Mon, 4 Mar 2019 15:00:00 +0100
fatto get_data() alle
2019-03-04 15:20:02.013999
Mon, 4 Mar 2019 15:00:00 +0100
Mon, 4 Mar 2019 15:00:00 +0100
Mon, 4 Mar 2019 15:00:00 +0100
Mon, 4 Mar 2019 15:00:00 +0100
Mon, 4 Mar 2019 15:00:00 +0100
Mon, 4 Mar 2019 15:00:00 +0100
fatto get_data() alle
2019-03-04 15:30:02.436459
Mon, 4 Mar 2019 15:00:00 +0100
Mon, 4 Mar 2019 15:00:00 +0100
Mon, 4 Mar 2019 15:00:00 +0100
Mon, 4 Mar 2019 15:00:00 +0100
Mon, 4 Mar 2019 15:00:00 +0100
Mon, 4 Mar 2019 15:00:00 +0100
fatto get_data() alle
2019-03-04 15:40:01.912414
Mon, 4 Mar 2019 15:00:00 +0100
Mon, 4 Mar 2019 15:00:00 +0100
Mon, 4 Mar 2019 15:00:00 +0100
Mon, 4 Mar 2019 15:00:00 +0100
Mon, 4 Mar 2019 15:00:00 +0100
Mon, 4 Mar 2019 15:00:00 +0100
fatto get_data() alle
2019-03-06 13:40:01.717151
Wed, 6 Mar 2019 13:00:00 +0100
Wed, 6 Mar 2019 13:00:00 +0100
Wed, 6 Mar 2019 13:00:00 +0100
Wed, 6 Mar 2019 13:00:00 +0100
Wed, 6 Mar 2019 13:00:00 +0100
Wed, 6 Mar 2019 13:00:00 +0100
fatto aggrega() alle
2019-03-06 13:40:03.786357
0
fatto get_data() alle
2019-03-06 13:50:02.366476
Wed, 6 Mar 2019 13:00:00 +0100
Wed, 6 Mar 2019 13:00:00 +0100
Wed, 6 Mar 2019 13:00:00 +0100
Wed, 6 Mar 2019 13:00:00 +0100
Wed, 6 Mar 2019 13:00:00 +0100
Wed, 6 Mar 2019 13:00:00 +0100
fatto get_data() alle
2019-03-06 14:00:01.615975
Wed, 6 Mar 2019 13:00:00 +0100
Wed, 6 Mar 2019 13:00:00 +0100
Wed, 6 Mar 2019 13:00:00 +0100
Wed, 6 Mar 2019 13:00:00 +0100
Wed, 6 Mar 2019 14:00:00 +0100
Wed, 6 Mar 2019 14:00:00 +0100
fatto get_data() alle
2019-03-06 14:10:01.949369
Wed, 6 Mar 2019 14:00:00 +0100
Wed, 6 Mar 2019 14:00:00 +0100
Wed, 6 Mar 2019 14:00:00 +0100
Wed, 6 Mar 2019 14:00:00 +0100
Wed, 6 Mar 2019 14:00:00 +0100
Wed, 6 Mar 2019 14:00:00 +0100
fatto get_data() alle
2019-03-06 14:20:02.230948
Wed, 6 Mar 2019 14:00:00 +0100
Wed, 6 Mar 2019 14:00:00 +0100
Wed, 6 Mar 2019 14:00:00 +0100
Wed, 6 Mar 2019 14:00:00 +0100
Wed, 6 Mar 2019 14:00:00 +0100
Wed, 6 Mar 2019 14:00:00 +0100
fatto get_data() alle
2019-03-06 14:30:02.254673
Wed, 6 Mar 2019 14:00:00 +0100
Wed, 6 Mar 2019 14:00:00 +0100
Wed, 6 Mar 2019 14:00:00 +0100
Wed, 6 Mar 2019 14:00:00 +0100
Wed, 6 Mar 2019 14:00:00 +0100
Wed, 6 Mar 2019 14:00:00 +0100
fatto get_data() alle
2019-03-06 14:40:01.608139
Wed, 6 Mar 2019 14:00:00 +0100
Wed, 6 Mar 2019 14:00:00 +0100
Wed, 6 Mar 2019 14:00:00 +0100
Wed, 6 Mar 2019 14:00:00 +0100
Wed, 6 Mar 2019 14:00:00 +0100
Wed, 6 Mar 2019 14:00:00 +0100
fatto get_data() alle
2019-03-06 14:50:01.866727
Wed, 6 Mar 2019 14:00:00 +0100
Wed, 6 Mar 2019 14:00:00 +0100
Wed, 6 Mar 2019 14:00:00 +0100
Wed, 6 Mar 2019 14:00:00 +0100
Wed, 6 Mar 2019 14:00:00 +0100
Wed, 6 Mar 2019 14:00:00 +0100
fatto get_data() alle
2019-03-06 15:00:02.186457
Wed, 6 Mar 2019 14:00:00 +0100
Wed, 6 Mar 2019 14:00:00 +0100
Wed, 6 Mar 2019 14:00:00 +0100
Wed, 6 Mar 2019 14:00:00 +0100
Wed, 6 Mar 2019 15:00:00 +0100
Wed, 6 Mar 2019 15:00:00 +0100
fatto get_data() alle
2019-03-06 15:10:01.444195
Wed, 6 Mar 2019 15:00:00 +0100
Wed, 6 Mar 2019 15:00:00 +0100
Wed, 6 Mar 2019 15:00:00 +0100
Wed, 6 Mar 2019 15:00:00 +0100
Wed, 6 Mar 2019 15:00:00 +0100
Wed, 6 Mar 2019 15:00:00 +0100
fatto get_data() alle
2019-03-06 15:20:01.805460
Wed, 6 Mar 2019 15:00:00 +0100
Wed, 6 Mar 2019 15:00:00 +0100
Wed, 6 Mar 2019 15:00:00 +0100
Wed, 6 Mar 2019 15:00:00 +0100
Wed, 6 Mar 2019 15:00:00 +0100
Wed, 6 Mar 2019 15:00:00 +0100
fatto get_data() alle
2019-03-06 15:30:02.468409
Wed, 6 Mar 2019 15:00:00 +0100
Wed, 6 Mar 2019 15:00:00 +0100
Wed, 6 Mar 2019 15:00:00 +0100
Wed, 6 Mar 2019 15:00:00 +0100
Wed, 6 Mar 2019 15:00:00 +0100
Wed, 6 Mar 2019 15:00:00 +0100
fatto get_data() alle
2019-03-06 15:40:02.310496
Wed, 6 Mar 2019 15:00:00 +0100
Wed, 6 Mar 2019 15:00:00 +0100
Wed, 6 Mar 2019 15:00:00 +0100
Wed, 6 Mar 2019 15:00:00 +0100
Wed, 6 Mar 2019 15:00:00 +0100
Wed, 6 Mar 2019 15:00:00 +0100
fatto get_data() alle
2019-03-06 15:50:01.719487
Wed, 6 Mar 2019 15:00:00 +0100
Wed, 6 Mar 2019 15:00:00 +0100
Wed, 6 Mar 2019 15:00:00 +0100
Wed, 6 Mar 2019 15:00:00 +0100
Wed, 6 Mar 2019 15:00:00 +0100
Wed, 6 Mar 2019 15:00:00 +0100
fatto get_data() alle
2019-03-06 16:00:02.109624
Wed, 6 Mar 2019 15:00:00 +0100
Wed, 6 Mar 2019 15:00:00 +0100
Wed, 6 Mar 2019 15:00:00 +0100
Wed, 6 Mar 2019 15:00:00 +0100
Wed, 6 Mar 2019 16:00:00 +0100
Wed, 6 Mar 2019 16:00:00 +0100
fatto get_data() alle
2019-03-06 16:10:02.412096
Wed, 6 Mar 2019 16:00:00 +0100
Wed, 6 Mar 2019 16:00:00 +0100
Wed, 6 Mar 2019 16:00:00 +0100
Wed, 6 Mar 2019 16:00:00 +0100
Wed, 6 Mar 2019 16:00:00 +0100
Wed, 6 Mar 2019 16:00:00 +0100
fatto get_data() alle
2019-03-06 16:20:01.809006
Wed, 6 Mar 2019 16:00:00 +0100
Wed, 6 Mar 2019 16:00:00 +0100
Wed, 6 Mar 2019 16:00:00 +0100
Wed, 6 Mar 2019 16:00:00 +0100
Wed, 6 Mar 2019 16:00:00 +0100
Wed, 6 Mar 2019 16:00:00 +0100
fatto get_data() alle
2019-03-11 17:20:02.164684
Mon, 11 Mar 2019 17:00:00 +0100
Mon, 11 Mar 2019 17:00:00 +0100
Mon, 11 Mar 2019 17:00:00 +0100
Mon, 11 Mar 2019 17:00:00 +0100
Mon, 11 Mar 2019 17:00:00 +0100
Mon, 11 Mar 2019 17:00:00 +0100
fatto get_data() alle
2019-03-12 08:50:09.064795
Tue, 12 Mar 2019 08:00:00 +0100
Tue, 12 Mar 2019 08:00:00 +0100
Tue, 12 Mar 2019 08:00:00 +0100
Tue, 12 Mar 2019 08:00:00 +0100
Tue, 12 Mar 2019 08:00:00 +0100
Tue, 12 Mar 2019 08:00:00 +0100
fatto aggrega() alle
2019-03-12 08:50:11.224921
fatto get_data() alle
2019-03-12 09:00:02.158666
Tue, 12 Mar 2019 08:00:00 +0100
Tue, 12 Mar 2019 08:00:00 +0100
Tue, 12 Mar 2019 08:00:00 +0100
Tue, 12 Mar 2019 08:00:00 +0100
Tue, 12 Mar 2019 09:00:00 +0100
Tue, 12 Mar 2019 09:00:00 +0100
fatto aggrega() alle
2019-03-12 09:00:03.962280
fatto get_data() alle
2019-03-12 09:10:01.554441
Tue, 12 Mar 2019 09:00:00 +0100
Tue, 12 Mar 2019 09:00:00 +0100
Tue, 12 Mar 2019 09:00:00 +0100
Tue, 12 Mar 2019 09:00:00 +0100
Tue, 12 Mar 2019 09:00:00 +0100
Tue, 12 Mar 2019 09:00:00 +0100
fatto aggrega() alle
2019-03-12 09:10:03.427431
Conteggio elementi: 44
fatto get_data() alle
2019-03-12 09:20:02.025198
Tue, 12 Mar 2019 09:00:00 +0100
Tue, 12 Mar 2019 09:00:00 +0100
Tue, 12 Mar 2019 09:00:00 +0100
Tue, 12 Mar 2019 09:00:00 +0100
Tue, 12 Mar 2019 09:00:00 +0100
Tue, 12 Mar 2019 09:00:00 +0100
fatto get_data() alle
2019-03-12 09:30:02.388143
Tue, 12 Mar 2019 09:00:00 +0100
Tue, 12 Mar 2019 09:00:00 +0100
Tue, 12 Mar 2019 09:00:00 +0100
Tue, 12 Mar 2019 09:00:00 +0100
Tue, 12 Mar 2019 09:00:00 +0100
Tue, 12 Mar 2019 09:00:00 +0100
fatto get_data() alle
2019-03-12 09:40:02.474813
Tue, 12 Mar 2019 09:00:00 +0100
Tue, 12 Mar 2019 09:00:00 +0100
Tue, 12 Mar 2019 09:00:00 +0100
Tue, 12 Mar 2019 09:00:00 +0100
Tue, 12 Mar 2019 09:00:00 +0100
Tue, 12 Mar 2019 09:00:00 +0100
fatto get_data() alle
2019-03-12 09:50:03.329807
Tue, 12 Mar 2019 09:00:00 +0100
Tue, 12 Mar 2019 09:00:00 +0100
Tue, 12 Mar 2019 09:00:00 +0100
Tue, 12 Mar 2019 09:00:00 +0100
Tue, 12 Mar 2019 09:00:00 +0100
Tue, 12 Mar 2019 09:00:00 +0100
fatto get_data() alle
2019-03-12 10:00:01.696205
Tue, 12 Mar 2019 09:00:00 +0100
Tue, 12 Mar 2019 09:00:00 +0100
Tue, 12 Mar 2019 09:00:00 +0100
Tue, 12 Mar 2019 09:00:00 +0100
Tue, 12 Mar 2019 10:00:00 +0100
Tue, 12 Mar 2019 10:00:00 +0100
fatto get_data() alle
2019-03-12 10:10:02.140659
Tue, 12 Mar 2019 10:00:00 +0100
Tue, 12 Mar 2019 10:00:00 +0100
Tue, 12 Mar 2019 10:00:00 +0100
Tue, 12 Mar 2019 10:00:00 +0100
Tue, 12 Mar 2019 10:00:00 +0100
Tue, 12 Mar 2019 10:00:00 +0100
fatto get_data() alle
2019-03-12 10:20:01.592233
Tue, 12 Mar 2019 10:00:00 +0100
Tue, 12 Mar 2019 10:00:00 +0100
Tue, 12 Mar 2019 10:00:00 +0100
Tue, 12 Mar 2019 10:00:00 +0100
Tue, 12 Mar 2019 10:00:00 +0100
Tue, 12 Mar 2019 10:00:00 +0100
fatto get_data() alle
2019-03-12 10:30:01.991227
Tue, 12 Mar 2019 10:00:00 +0100
Tue, 12 Mar 2019 10:00:00 +0100
Tue, 12 Mar 2019 10:00:00 +0100
Tue, 12 Mar 2019 10:00:00 +0100
Tue, 12 Mar 2019 10:00:00 +0100
Tue, 12 Mar 2019 10:00:00 +0100
fatto get_data() alle
2019-03-12 11:20:02.381400
Tue, 12 Mar 2019 10:00:00 +0100
Tue, 12 Mar 2019 11:00:00 +0100
Tue, 12 Mar 2019 11:00:00 +0100
Tue, 12 Mar 2019 11:00:00 +0100
Tue, 12 Mar 2019 11:00:00 +0100
Tue, 12 Mar 2019 11:00:00 +0100
fatto get_data() alle
2019-03-12 12:40:02.173165
Tue, 12 Mar 2019 12:00:00 +0100
Tue, 12 Mar 2019 12:00:00 +0100
Tue, 12 Mar 2019 12:00:00 +0100
Tue, 12 Mar 2019 12:00:00 +0100
Tue, 12 Mar 2019 12:00:00 +0100
Tue, 12 Mar 2019 12:00:00 +0100
fatto get_data() alle
2019-03-12 13:20:14.270214
Tue, 12 Mar 2019 13:00:00 +0100
Tue, 12 Mar 2019 13:00:00 +0100
Tue, 12 Mar 2019 13:00:00 +0100
Tue, 12 Mar 2019 13:00:00 +0100
Tue, 12 Mar 2019 13:00:00 +0100
Tue, 12 Mar 2019 13:00:00 +0100
fatto get_data() alle
2019-03-12 14:20:03.410222
Tue, 12 Mar 2019 14:00:00 +0100
Tue, 12 Mar 2019 14:00:00 +0100
Tue, 12 Mar 2019 14:00:00 +0100
Tue, 12 Mar 2019 14:00:00 +0100
Tue, 12 Mar 2019 14:00:00 +0100
Tue, 12 Mar 2019 14:00:00 +0100
fatto get_data() alle
2019-03-12 15:20:02.281318
Tue, 12 Mar 2019 15:00:00 +0100
Tue, 12 Mar 2019 15:00:00 +0100
Tue, 12 Mar 2019 15:00:00 +0100
Tue, 12 Mar 2019 15:00:00 +0100
Tue, 12 Mar 2019 15:00:00 +0100
Tue, 12 Mar 2019 15:00:00 +0100
fatto get_data() alle
2019-03-13 09:20:09.796870
Wed, 13 Mar 2019 09:00:00 +0100
Wed, 13 Mar 2019 09:00:00 +0100
Wed, 13 Mar 2019 09:00:00 +0100
Wed, 13 Mar 2019 09:00:00 +0100
Wed, 13 Mar 2019 09:00:00 +0100
Wed, 13 Mar 2019 09:00:00 +0100
fatto aggrega() alle
2019-03-13 09:20:11.768990
Conteggio elementi: 47
fatto get_data() alle
2019-03-13 09:30:01.801310
Wed, 13 Mar 2019 09:00:00 +0100
Wed, 13 Mar 2019 09:00:00 +0100
Wed, 13 Mar 2019 09:00:00 +0100
Wed, 13 Mar 2019 09:00:00 +0100
Wed, 13 Mar 2019 09:00:00 +0100
Wed, 13 Mar 2019 09:00:00 +0100
fatto get_data() alle
2019-03-13 09:40:02.370309
Wed, 13 Mar 2019 09:00:00 +0100
Wed, 13 Mar 2019 09:00:00 +0100
Wed, 13 Mar 2019 09:00:00 +0100
Wed, 13 Mar 2019 09:00:00 +0100
Wed, 13 Mar 2019 09:00:00 +0100
Wed, 13 Mar 2019 09:00:00 +0100
fatto get_data() alle
2019-03-13 09:50:01.694033
Wed, 13 Mar 2019 09:00:00 +0100
Wed, 13 Mar 2019 09:00:00 +0100
Wed, 13 Mar 2019 09:00:00 +0100
Wed, 13 Mar 2019 09:00:00 +0100
Wed, 13 Mar 2019 09:00:00 +0100
Wed, 13 Mar 2019 09:00:00 +0100
fatto get_data() alle
2019-03-13 10:00:01.958037
Wed, 13 Mar 2019 09:00:00 +0100
Wed, 13 Mar 2019 09:00:00 +0100
Wed, 13 Mar 2019 09:00:00 +0100
Wed, 13 Mar 2019 09:00:00 +0100
Wed, 13 Mar 2019 10:00:00 +0100
Wed, 13 Mar 2019 10:00:00 +0100
fatto get_data() alle
2019-03-13 10:10:01.665882
Wed, 13 Mar 2019 10:00:00 +0100
Wed, 13 Mar 2019 10:00:00 +0100
Wed, 13 Mar 2019 10:00:00 +0100
Wed, 13 Mar 2019 10:00:00 +0100
Wed, 13 Mar 2019 10:00:00 +0100
Wed, 13 Mar 2019 10:00:00 +0100
fatto get_data() alle
2019-03-13 10:20:01.943566
Wed, 13 Mar 2019 10:00:00 +0100
Wed, 13 Mar 2019 10:00:00 +0100
Wed, 13 Mar 2019 10:00:00 +0100
Wed, 13 Mar 2019 10:00:00 +0100
Wed, 13 Mar 2019 10:00:00 +0100
Wed, 13 Mar 2019 10:00:00 +0100
fatto get_data() alle
2019-03-13 10:30:01.513927
Wed, 13 Mar 2019 10:00:00 +0100
Wed, 13 Mar 2019 10:00:00 +0100
Wed, 13 Mar 2019 10:00:00 +0100
Wed, 13 Mar 2019 10:00:00 +0100
Wed, 13 Mar 2019 10:00:00 +0100
Wed, 13 Mar 2019 10:00:00 +0100
fatto get_data() alle
2019-03-13 10:40:01.933205
Wed, 13 Mar 2019 10:00:00 +0100
Wed, 13 Mar 2019 10:00:00 +0100
Wed, 13 Mar 2019 10:00:00 +0100
Wed, 13 Mar 2019 10:00:00 +0100
Wed, 13 Mar 2019 10:00:00 +0100
Wed, 13 Mar 2019 10:00:00 +0100
fatto get_data() alle
2019-03-13 10:50:03.057186
Wed, 13 Mar 2019 10:00:00 +0100
Wed, 13 Mar 2019 10:00:00 +0100
Wed, 13 Mar 2019 10:00:00 +0100
Wed, 13 Mar 2019 10:00:00 +0100
Wed, 13 Mar 2019 10:00:00 +0100
Wed, 13 Mar 2019 10:00:00 +0100
fatto get_data() alle
2019-03-13 11:00:02.455205
Wed, 13 Mar 2019 10:00:00 +0100
Wed, 13 Mar 2019 10:00:00 +0100
Wed, 13 Mar 2019 10:00:00 +0100
Wed, 13 Mar 2019 10:00:00 +0100
Wed, 13 Mar 2019 11:00:00 +0100
Wed, 13 Mar 2019 11:00:00 +0100
fatto get_data() alle
2019-03-13 11:20:01.789688
Wed, 13 Mar 2019 11:00:00 +0100
Wed, 13 Mar 2019 10:00:00 +0100
Wed, 13 Mar 2019 11:00:00 +0100
Wed, 13 Mar 2019 11:00:00 +0100
Wed, 13 Mar 2019 11:00:00 +0100
Wed, 13 Mar 2019 11:00:00 +0100
fatto get_data() alle
2019-03-13 12:20:02.323845
Wed, 13 Mar 2019 12:00:00 +0100
Wed, 13 Mar 2019 12:00:00 +0100
Wed, 13 Mar 2019 12:00:00 +0100
Wed, 13 Mar 2019 11:00:00 +0100
Wed, 13 Mar 2019 12:00:00 +0100
Wed, 13 Mar 2019 12:00:00 +0100
fatto get_data() alle
2019-03-13 15:10:02.066661
Wed, 13 Mar 2019 15:00:00 +0100
Wed, 13 Mar 2019 15:00:00 +0100
Wed, 13 Mar 2019 15:00:00 +0100
Wed, 13 Mar 2019 15:00:00 +0100
Wed, 13 Mar 2019 15:00:00 +0100
Wed, 13 Mar 2019 15:00:00 +0100
fatto get_data() alle
2019-03-13 15:20:01.496953
Wed, 13 Mar 2019 15:00:00 +0100
Wed, 13 Mar 2019 15:00:00 +0100
Wed, 13 Mar 2019 15:00:00 +0100
Wed, 13 Mar 2019 15:00:00 +0100
Wed, 13 Mar 2019 15:00:00 +0100
Wed, 13 Mar 2019 15:00:00 +0100
fatto get_data() alle
2019-03-13 15:30:01.849195
Wed, 13 Mar 2019 15:00:00 +0100
Wed, 13 Mar 2019 15:00:00 +0100
Wed, 13 Mar 2019 15:00:00 +0100
Wed, 13 Mar 2019 15:00:00 +0100
Wed, 13 Mar 2019 15:00:00 +0100
Wed, 13 Mar 2019 15:00:00 +0100
fatto get_data() alle
2019-03-13 16:20:01.632168
Wed, 13 Mar 2019 16:00:00 +0100
Wed, 13 Mar 2019 16:00:00 +0100
Wed, 13 Mar 2019 16:00:00 +0100
Wed, 13 Mar 2019 15:00:00 +0100
Wed, 13 Mar 2019 16:00:00 +0100
Wed, 13 Mar 2019 16:00:00 +0100
fatto get_data() alle
2019-03-14 09:10:43.089390
Thu, 14 Mar 2019 09:00:00 +0100
Thu, 14 Mar 2019 09:00:00 +0100
Thu, 14 Mar 2019 09:00:00 +0100
Thu, 14 Mar 2019 09:00:00 +0100
Thu, 14 Mar 2019 09:00:00 +0100
Thu, 14 Mar 2019 09:00:00 +0100
fatto aggrega() alle
2019-03-14 09:10:50.966434
Conteggio elementi: 33
fatto get_data() alle
2019-03-14 09:20:02.014851
Thu, 14 Mar 2019 09:00:00 +0100
Thu, 14 Mar 2019 09:00:00 +0100
Thu, 14 Mar 2019 09:00:00 +0100
Thu, 14 Mar 2019 09:00:00 +0100
Thu, 14 Mar 2019 09:00:00 +0100
Thu, 14 Mar 2019 09:00:00 +0100
fatto get_data() alle
2019-03-14 09:30:02.185704
Thu, 14 Mar 2019 09:00:00 +0100
Thu, 14 Mar 2019 09:00:00 +0100
Thu, 14 Mar 2019 09:00:00 +0100
Thu, 14 Mar 2019 09:00:00 +0100
Thu, 14 Mar 2019 09:00:00 +0100
Thu, 14 Mar 2019 09:00:00 +0100
fatto get_data() alle
2019-03-14 09:40:02.310328
Thu, 14 Mar 2019 09:00:00 +0100
Thu, 14 Mar 2019 09:00:00 +0100
Thu, 14 Mar 2019 09:00:00 +0100
Thu, 14 Mar 2019 09:00:00 +0100
Thu, 14 Mar 2019 09:00:00 +0100
Thu, 14 Mar 2019 09:00:00 +0100
fatto get_data() alle
2019-03-14 10:10:02.098281
Thu, 14 Mar 2019 10:00:00 +0100
Thu, 14 Mar 2019 10:00:00 +0100
Thu, 14 Mar 2019 10:00:00 +0100
Thu, 14 Mar 2019 10:00:00 +0100
Thu, 14 Mar 2019 10:00:00 +0100
Thu, 14 Mar 2019 10:00:00 +0100
fatto get_data() alle
2019-03-14 10:20:01.791559
Thu, 14 Mar 2019 10:00:00 +0100
Thu, 14 Mar 2019 10:00:00 +0100
Thu, 14 Mar 2019 10:00:00 +0100
Thu, 14 Mar 2019 10:00:00 +0100
Thu, 14 Mar 2019 10:00:00 +0100
Thu, 14 Mar 2019 10:00:00 +0100
fatto get_data() alle
2019-03-14 10:30:01.766571
Thu, 14 Mar 2019 10:00:00 +0100
Thu, 14 Mar 2019 10:00:00 +0100
Thu, 14 Mar 2019 10:00:00 +0100
Thu, 14 Mar 2019 10:00:00 +0100
Thu, 14 Mar 2019 10:00:00 +0100
Thu, 14 Mar 2019 10:00:00 +0100
fatto get_data() alle
2019-03-14 10:40:01.959161
Thu, 14 Mar 2019 10:00:00 +0100
Thu, 14 Mar 2019 10:00:00 +0100
Thu, 14 Mar 2019 10:00:00 +0100
Thu, 14 Mar 2019 10:00:00 +0100
Thu, 14 Mar 2019 10:00:00 +0100
Thu, 14 Mar 2019 10:00:00 +0100
fatto get_data() alle
2019-03-14 10:50:01.430531
Thu, 14 Mar 2019 10:00:00 +0100
Thu, 14 Mar 2019 10:00:00 +0100
Thu, 14 Mar 2019 10:00:00 +0100
Thu, 14 Mar 2019 10:00:00 +0100
Thu, 14 Mar 2019 10:00:00 +0100
Thu, 14 Mar 2019 10:00:00 +0100
fatto get_data() alle
2019-03-14 11:00:01.461691
Thu, 14 Mar 2019 10:00:00 +0100
Thu, 14 Mar 2019 10:00:00 +0100
Thu, 14 Mar 2019 10:00:00 +0100
Thu, 14 Mar 2019 10:00:00 +0100
Thu, 14 Mar 2019 11:00:00 +0100
Thu, 14 Mar 2019 11:00:00 +0100
fatto get_data() alle
2019-03-14 11:10:03.317864
Thu, 14 Mar 2019 11:00:00 +0100
Thu, 14 Mar 2019 11:00:00 +0100
Thu, 14 Mar 2019 11:00:00 +0100
Thu, 14 Mar 2019 11:00:00 +0100
Thu, 14 Mar 2019 11:00:00 +0100
Thu, 14 Mar 2019 11:00:00 +0100
fatto get_data() alle
2019-03-14 11:20:01.559090
Thu, 14 Mar 2019 11:00:00 +0100
Thu, 14 Mar 2019 11:00:00 +0100
Thu, 14 Mar 2019 11:00:00 +0100
Thu, 14 Mar 2019 11:00:00 +0100
Thu, 14 Mar 2019 11:00:00 +0100
Thu, 14 Mar 2019 11:00:00 +0100
fatto get_data() alle
2019-03-14 12:20:01.614299
Thu, 14 Mar 2019 12:00:00 +0100
Thu, 14 Mar 2019 12:00:00 +0100
Thu, 14 Mar 2019 12:00:00 +0100
Thu, 14 Mar 2019 12:00:00 +0100
Thu, 14 Mar 2019 11:00:00 +0100
Thu, 14 Mar 2019 12:00:00 +0100
fatto get_data() alle
2019-03-14 13:20:01.905634
Thu, 14 Mar 2019 13:00:00 +0100
Thu, 14 Mar 2019 13:00:00 +0100
Thu, 14 Mar 2019 13:00:00 +0100
Thu, 14 Mar 2019 13:00:00 +0100
Thu, 14 Mar 2019 13:00:00 +0100
Thu, 14 Mar 2019 13:00:00 +0100
fatto get_data() alle
2019-03-14 14:20:02.144522
Thu, 14 Mar 2019 14:00:00 +0100
Thu, 14 Mar 2019 14:00:00 +0100
Thu, 14 Mar 2019 14:00:00 +0100
Thu, 14 Mar 2019 14:00:00 +0100
Thu, 14 Mar 2019 14:00:00 +0100
Thu, 14 Mar 2019 14:00:00 +0100
fatto get_data() alle
2019-03-14 15:20:02.127082
Thu, 14 Mar 2019 15:00:00 +0100
Thu, 14 Mar 2019 15:00:00 +0100
Thu, 14 Mar 2019 15:00:00 +0100
Thu, 14 Mar 2019 15:00:00 +0100
Thu, 14 Mar 2019 15:00:00 +0100
Thu, 14 Mar 2019 15:00:00 +0100
fatto get_data() alle
2019-03-15 09:10:10.762334
Fri, 15 Mar 2019 09:00:00 +0100
Fri, 15 Mar 2019 09:00:00 +0100
Fri, 15 Mar 2019 09:00:00 +0100
Fri, 15 Mar 2019 09:00:00 +0100
Fri, 15 Mar 2019 08:00:00 +0100
Fri, 15 Mar 2019 09:00:00 +0100
fatto aggrega() alle
2019-03-15 09:10:12.679428
Conteggio elementi: 41
fatto get_data() alle
2019-03-15 09:20:01.738925
Fri, 15 Mar 2019 09:00:00 +0100
Fri, 15 Mar 2019 09:00:00 +0100
Fri, 15 Mar 2019 09:00:00 +0100
Fri, 15 Mar 2019 09:00:00 +0100
Fri, 15 Mar 2019 08:00:00 +0100
Fri, 15 Mar 2019 09:00:00 +0100
fatto get_data() alle
2019-03-15 09:30:02.222736
Fri, 15 Mar 2019 09:00:00 +0100
Fri, 15 Mar 2019 09:00:00 +0100
Fri, 15 Mar 2019 09:00:00 +0100
Fri, 15 Mar 2019 09:00:00 +0100
Fri, 15 Mar 2019 08:00:00 +0100
Fri, 15 Mar 2019 09:00:00 +0100
fatto get_data() alle
2019-03-15 09:40:02.009886
Fri, 15 Mar 2019 09:00:00 +0100
Fri, 15 Mar 2019 09:00:00 +0100
Fri, 15 Mar 2019 09:00:00 +0100
Fri, 15 Mar 2019 09:00:00 +0100
Fri, 15 Mar 2019 08:00:00 +0100
Fri, 15 Mar 2019 09:00:00 +0100
fatto get_data() alle
2019-03-15 09:50:02.465106
Fri, 15 Mar 2019 09:00:00 +0100
Fri, 15 Mar 2019 09:00:00 +0100
Fri, 15 Mar 2019 09:00:00 +0100
Fri, 15 Mar 2019 09:00:00 +0100
Fri, 15 Mar 2019 08:00:00 +0100
Fri, 15 Mar 2019 09:00:00 +0100
fatto get_data() alle
2019-03-15 10:00:02.071284
Fri, 15 Mar 2019 09:00:00 +0100
Fri, 15 Mar 2019 09:00:00 +0100
Fri, 15 Mar 2019 09:00:00 +0100
Fri, 15 Mar 2019 09:00:00 +0100
Fri, 15 Mar 2019 10:00:00 +0100
Fri, 15 Mar 2019 10:00:00 +0100
fatto get_data() alle
2019-03-15 10:20:01.593648
Fri, 15 Mar 2019 10:00:00 +0100
Fri, 15 Mar 2019 10:00:00 +0100
Fri, 15 Mar 2019 10:00:00 +0100
Fri, 15 Mar 2019 10:00:00 +0100
Fri, 15 Mar 2019 10:00:00 +0100
Fri, 15 Mar 2019 10:00:00 +0100
fatto get_data() alle
2019-03-15 10:30:02.918500
Fri, 15 Mar 2019 10:00:00 +0100
Fri, 15 Mar 2019 10:00:00 +0100
Fri, 15 Mar 2019 10:00:00 +0100
Fri, 15 Mar 2019 10:00:00 +0100
Fri, 15 Mar 2019 10:00:00 +0100
Fri, 15 Mar 2019 10:00:00 +0100
fatto get_data() alle
2019-03-15 10:40:02.304571
Fri, 15 Mar 2019 10:00:00 +0100
Fri, 15 Mar 2019 10:00:00 +0100
Fri, 15 Mar 2019 10:00:00 +0100
Fri, 15 Mar 2019 10:00:00 +0100
Fri, 15 Mar 2019 10:00:00 +0100
Fri, 15 Mar 2019 10:00:00 +0100
fatto get_data() alle
2019-03-15 10:50:01.597675
Fri, 15 Mar 2019 10:00:00 +0100
Fri, 15 Mar 2019 10:00:00 +0100
Fri, 15 Mar 2019 10:00:00 +0100
Fri, 15 Mar 2019 10:00:00 +0100
Fri, 15 Mar 2019 10:00:00 +0100
Fri, 15 Mar 2019 10:00:00 +0100
fatto get_data() alle
2019-03-15 11:00:01.993924
Fri, 15 Mar 2019 10:00:00 +0100
Fri, 15 Mar 2019 10:00:00 +0100
Fri, 15 Mar 2019 10:00:00 +0100
Fri, 15 Mar 2019 10:00:00 +0100
Fri, 15 Mar 2019 11:00:00 +0100
Fri, 15 Mar 2019 11:00:00 +0100
fatto get_data() alle
2019-03-15 11:20:01.785722
Fri, 15 Mar 2019 11:00:00 +0100
Fri, 15 Mar 2019 11:00:00 +0100
Fri, 15 Mar 2019 11:00:00 +0100
Fri, 15 Mar 2019 11:00:00 +0100
Fri, 15 Mar 2019 11:00:00 +0100
Fri, 15 Mar 2019 11:00:00 +0100
fatto get_data() alle
2019-03-15 12:20:02.099081
Fri, 15 Mar 2019 12:00:00 +0100
Fri, 15 Mar 2019 12:00:00 +0100
Fri, 15 Mar 2019 12:00:00 +0100
Fri, 15 Mar 2019 12:00:00 +0100
Fri, 15 Mar 2019 12:00:00 +0100
Fri, 15 Mar 2019 12:00:00 +0100
fatto get_data() alle
2019-03-15 15:10:10.256924
Fri, 15 Mar 2019 15:00:00 +0100
Fri, 15 Mar 2019 15:00:00 +0100
Fri, 15 Mar 2019 15:00:00 +0100
Fri, 15 Mar 2019 15:00:00 +0100
Fri, 15 Mar 2019 15:00:00 +0100
Fri, 15 Mar 2019 15:00:00 +0100
fatto get_data() alle
2019-03-15 15:20:02.336220
Fri, 15 Mar 2019 15:00:00 +0100
Fri, 15 Mar 2019 15:00:00 +0100
Fri, 15 Mar 2019 15:00:00 +0100
Fri, 15 Mar 2019 15:00:00 +0100
Fri, 15 Mar 2019 15:00:00 +0100
Fri, 15 Mar 2019 15:00:00 +0100
fatto get_data() alle
2019-03-15 15:30:01.718979
Fri, 15 Mar 2019 15:00:00 +0100
Fri, 15 Mar 2019 15:00:00 +0100
Fri, 15 Mar 2019 15:00:00 +0100
Fri, 15 Mar 2019 15:00:00 +0100
Fri, 15 Mar 2019 15:00:00 +0100
Fri, 15 Mar 2019 15:00:00 +0100
fatto get_data() alle
2019-03-15 16:20:02.417372
Fri, 15 Mar 2019 16:00:00 +0100
Fri, 15 Mar 2019 16:00:00 +0100
Fri, 15 Mar 2019 16:00:00 +0100
Fri, 15 Mar 2019 16:00:00 +0100
Fri, 15 Mar 2019 16:00:00 +0100
Fri, 15 Mar 2019 16:00:00 +0100
fatto get_data() alle
2019-03-18 08:50:15.660343
Mon, 18 Mar 2019 08:00:00 +0100
Mon, 18 Mar 2019 08:00:00 +0100
Mon, 18 Mar 2019 08:00:00 +0100
Mon, 18 Mar 2019 08:00:00 +0100
Mon, 18 Mar 2019 08:00:00 +0100
Mon, 18 Mar 2019 08:00:00 +0100
fatto aggrega() alle
2019-03-18 08:50:17.604185
Conteggio elementi: 0
fatto get_data() alle
2019-03-18 09:00:02.018444
Mon, 18 Mar 2019 08:00:00 +0100
Mon, 18 Mar 2019 08:00:00 +0100
Mon, 18 Mar 2019 08:00:00 +0100
Mon, 18 Mar 2019 08:00:00 +0100
Mon, 18 Mar 2019 09:00:00 +0100
Mon, 18 Mar 2019 09:00:00 +0100
fatto get_data() alle
2019-03-18 09:10:02.505223
Mon, 18 Mar 2019 09:00:00 +0100
Mon, 18 Mar 2019 09:00:00 +0100
Mon, 18 Mar 2019 09:00:00 +0100
Mon, 18 Mar 2019 09:00:00 +0100
Mon, 18 Mar 2019 09:00:00 +0100
Mon, 18 Mar 2019 09:00:00 +0100
fatto get_data() alle
2019-03-18 09:20:03.843720
Mon, 18 Mar 2019 09:00:00 +0100
Mon, 18 Mar 2019 09:00:00 +0100
Mon, 18 Mar 2019 09:00:00 +0100
Mon, 18 Mar 2019 09:00:00 +0100
Mon, 18 Mar 2019 09:00:00 +0100
Mon, 18 Mar 2019 09:00:00 +0100
fatto get_data() alle
2019-03-18 09:30:02.682416
Mon, 18 Mar 2019 09:00:00 +0100
Mon, 18 Mar 2019 09:00:00 +0100
Mon, 18 Mar 2019 09:00:00 +0100
Mon, 18 Mar 2019 09:00:00 +0100
Mon, 18 Mar 2019 09:00:00 +0100
Mon, 18 Mar 2019 09:00:00 +0100
fatto get_data() alle
2019-03-18 09:40:02.615977
Mon, 18 Mar 2019 09:00:00 +0100
Mon, 18 Mar 2019 09:00:00 +0100
Mon, 18 Mar 2019 09:00:00 +0100
Mon, 18 Mar 2019 09:00:00 +0100
Mon, 18 Mar 2019 09:00:00 +0100
Mon, 18 Mar 2019 09:00:00 +0100
fatto get_data() alle
2019-03-18 09:50:02.035654
Mon, 18 Mar 2019 09:00:00 +0100
Mon, 18 Mar 2019 09:00:00 +0100
Mon, 18 Mar 2019 09:00:00 +0100
Mon, 18 Mar 2019 09:00:00 +0100
Mon, 18 Mar 2019 09:00:00 +0100
Mon, 18 Mar 2019 09:00:00 +0100
fatto get_data() alle
2019-03-18 10:00:03.021922
Mon, 18 Mar 2019 09:00:00 +0100
Mon, 18 Mar 2019 09:00:00 +0100
Mon, 18 Mar 2019 09:00:00 +0100
Mon, 18 Mar 2019 09:00:00 +0100
Mon, 18 Mar 2019 10:00:00 +0100
Mon, 18 Mar 2019 10:00:00 +0100
fatto get_data() alle
2019-03-18 10:10:02.404240
Mon, 18 Mar 2019 10:00:00 +0100
Mon, 18 Mar 2019 10:00:00 +0100
Mon, 18 Mar 2019 10:00:00 +0100
Mon, 18 Mar 2019 10:00:00 +0100
Mon, 18 Mar 2019 10:00:00 +0100
Mon, 18 Mar 2019 10:00:00 +0100
fatto get_data() alle
2019-03-18 10:20:08.954870
Mon, 18 Mar 2019 10:00:00 +0100
Mon, 18 Mar 2019 10:00:00 +0100
Mon, 18 Mar 2019 10:00:00 +0100
Mon, 18 Mar 2019 10:00:00 +0100
Mon, 18 Mar 2019 10:00:00 +0100
Mon, 18 Mar 2019 10:00:00 +0100
fatto get_data() alle
2019-03-18 10:30:11.049606
Mon, 18 Mar 2019 10:00:00 +0100
Mon, 18 Mar 2019 10:00:00 +0100
Mon, 18 Mar 2019 10:00:00 +0100
Mon, 18 Mar 2019 10:00:00 +0100
Mon, 18 Mar 2019 10:00:00 +0100
Mon, 18 Mar 2019 10:00:00 +0100
fatto get_data() alle
2019-03-18 11:20:10.820794
Mon, 18 Mar 2019 11:00:00 +0100
Mon, 18 Mar 2019 11:00:00 +0100
Mon, 18 Mar 2019 11:00:00 +0100
Mon, 18 Mar 2019 11:00:00 +0100
Mon, 18 Mar 2019 10:00:00 +0100
Mon, 18 Mar 2019 11:00:00 +0100
fatto get_data() alle
2019-03-18 12:20:09.676492
Mon, 18 Mar 2019 12:00:00 +0100
Mon, 18 Mar 2019 12:00:00 +0100
Mon, 18 Mar 2019 12:00:00 +0100
Mon, 18 Mar 2019 11:00:00 +0100
Mon, 18 Mar 2019 12:00:00 +0100
Mon, 18 Mar 2019 12:00:00 +0100
fatto get_data() alle
2019-03-19 11:30:10.550532
Tue, 19 Mar 2019 11:00:00 +0100
Tue, 19 Mar 2019 11:00:00 +0100
Tue, 19 Mar 2019 11:00:00 +0100
Tue, 19 Mar 2019 11:00:00 +0100
Tue, 19 Mar 2019 11:00:00 +0100
Tue, 19 Mar 2019 11:00:00 +0100
fatto aggrega() alle
2019-03-19 11:30:12.727967
Conteggio elementi: 28
fatto get_data() alle
2019-03-19 11:40:10.261269
Tue, 19 Mar 2019 11:00:00 +0100
Tue, 19 Mar 2019 11:00:00 +0100
Tue, 19 Mar 2019 11:00:00 +0100
Tue, 19 Mar 2019 11:00:00 +0100
Tue, 19 Mar 2019 11:00:00 +0100
Tue, 19 Mar 2019 11:00:00 +0100
fatto get_data() alle
2019-03-19 11:50:01.856014
Tue, 19 Mar 2019 11:00:00 +0100
Tue, 19 Mar 2019 11:00:00 +0100
Tue, 19 Mar 2019 11:00:00 +0100
Tue, 19 Mar 2019 11:00:00 +0100
Tue, 19 Mar 2019 11:00:00 +0100
Tue, 19 Mar 2019 11:00:00 +0100
fatto get_data() alle
2019-03-19 12:00:02.267571
Tue, 19 Mar 2019 11:00:00 +0100
Tue, 19 Mar 2019 11:00:00 +0100
Tue, 19 Mar 2019 11:00:00 +0100
Tue, 19 Mar 2019 11:00:00 +0100
Tue, 19 Mar 2019 12:00:00 +0100
Tue, 19 Mar 2019 12:00:00 +0100
fatto get_data() alle
2019-03-19 12:10:01.644979
Tue, 19 Mar 2019 12:00:00 +0100
Tue, 19 Mar 2019 12:00:00 +0100
Tue, 19 Mar 2019 12:00:00 +0100
Tue, 19 Mar 2019 12:00:00 +0100
Tue, 19 Mar 2019 12:00:00 +0100
Tue, 19 Mar 2019 12:00:00 +0100
fatto get_data() alle
2019-03-19 12:20:37.323879
Tue, 19 Mar 2019 12:00:00 +0100
Tue, 19 Mar 2019 12:00:00 +0100
Tue, 19 Mar 2019 12:00:00 +0100
Tue, 19 Mar 2019 12:00:00 +0100
Tue, 19 Mar 2019 12:00:00 +0100
Tue, 19 Mar 2019 12:00:00 +0100
fatto get_data() alle
2019-03-19 12:30:01.821119
Tue, 19 Mar 2019 12:00:00 +0100
Tue, 19 Mar 2019 12:00:00 +0100
Tue, 19 Mar 2019 12:00:00 +0100
Tue, 19 Mar 2019 12:00:00 +0100
Tue, 19 Mar 2019 12:00:00 +0100
Tue, 19 Mar 2019 12:00:00 +0100
fatto get_data() alle
2019-03-19 12:40:01.500792
Tue, 19 Mar 2019 12:00:00 +0100
Tue, 19 Mar 2019 12:00:00 +0100
Tue, 19 Mar 2019 12:00:00 +0100
Tue, 19 Mar 2019 12:00:00 +0100
Tue, 19 Mar 2019 12:00:00 +0100
Tue, 19 Mar 2019 12:00:00 +0100
fatto get_data() alle
2019-03-19 12:50:02.470589
Tue, 19 Mar 2019 12:00:00 +0100
Tue, 19 Mar 2019 12:00:00 +0100
Tue, 19 Mar 2019 12:00:00 +0100
Tue, 19 Mar 2019 12:00:00 +0100
Tue, 19 Mar 2019 12:00:00 +0100
Tue, 19 Mar 2019 12:00:00 +0100
fatto get_data() alle
2019-03-19 13:00:01.889279
Tue, 19 Mar 2019 12:00:00 +0100
Tue, 19 Mar 2019 12:00:00 +0100
Tue, 19 Mar 2019 12:00:00 +0100
Tue, 19 Mar 2019 12:00:00 +0100
Tue, 19 Mar 2019 12:00:00 +0100
Tue, 19 Mar 2019 13:00:00 +0100
fatto get_data() alle
2019-03-19 13:10:02.311918
Tue, 19 Mar 2019 13:00:00 +0100
Tue, 19 Mar 2019 13:00:00 +0100
Tue, 19 Mar 2019 13:00:00 +0100
Tue, 19 Mar 2019 13:00:00 +0100
Tue, 19 Mar 2019 12:00:00 +0100
Tue, 19 Mar 2019 13:00:00 +0100
fatto get_data() alle
2019-03-19 13:20:01.810376
Tue, 19 Mar 2019 13:00:00 +0100
Tue, 19 Mar 2019 13:00:00 +0100
Tue, 19 Mar 2019 13:00:00 +0100
Tue, 19 Mar 2019 13:00:00 +0100
Tue, 19 Mar 2019 12:00:00 +0100
Tue, 19 Mar 2019 13:00:00 +0100
fatto get_data() alle
2019-03-19 13:30:02.110088
Tue, 19 Mar 2019 13:00:00 +0100
Tue, 19 Mar 2019 13:00:00 +0100
Tue, 19 Mar 2019 13:00:00 +0100
Tue, 19 Mar 2019 13:00:00 +0100
Tue, 19 Mar 2019 12:00:00 +0100
Tue, 19 Mar 2019 13:00:00 +0100
fatto get_data() alle
2019-03-19 13:40:02.412342
Tue, 19 Mar 2019 13:00:00 +0100
Tue, 19 Mar 2019 13:00:00 +0100
Tue, 19 Mar 2019 13:00:00 +0100
Tue, 19 Mar 2019 13:00:00 +0100
Tue, 19 Mar 2019 12:00:00 +0100
Tue, 19 Mar 2019 13:00:00 +0100
fatto get_data() alle
2019-03-19 14:20:02.147857
Tue, 19 Mar 2019 14:00:00 +0100
Tue, 19 Mar 2019 14:00:00 +0100
Tue, 19 Mar 2019 14:00:00 +0100
Tue, 19 Mar 2019 14:00:00 +0100
Tue, 19 Mar 2019 14:00:00 +0100
Tue, 19 Mar 2019 14:00:00 +0100
fatto get_data() alle
2019-03-19 15:20:11.669594
Tue, 19 Mar 2019 15:00:00 +0100
Tue, 19 Mar 2019 15:00:00 +0100
Tue, 19 Mar 2019 15:00:00 +0100
Tue, 19 Mar 2019 15:00:00 +0100
Tue, 19 Mar 2019 15:00:00 +0100
Tue, 19 Mar 2019 15:00:00 +0100
fatto get_data() alle
2019-03-20 09:00:11.668156
Wed, 20 Mar 2019 08:00:00 +0100
Wed, 20 Mar 2019 07:00:00 +0100
Wed, 20 Mar 2019 08:00:00 +0100
Wed, 20 Mar 2019 08:00:00 +0100
Wed, 20 Mar 2019 09:00:00 +0100
Wed, 20 Mar 2019 09:00:00 +0100
fatto aggrega() alle
2019-03-20 09:00:13.611769
Conteggio elementi: 29
fatto get_data() alle
2019-03-20 09:10:01.742024
Wed, 20 Mar 2019 09:00:00 +0100
Wed, 20 Mar 2019 09:00:00 +0100
fatto get_data() alle
2019-03-20 12:30:08.958653
Wed, 20 Mar 2019 12:00:00 +0100
Wed, 20 Mar 2019 12:00:00 +0100
Wed, 20 Mar 2019 12:00:00 +0100
Wed, 20 Mar 2019 12:00:00 +0100
Wed, 20 Mar 2019 12:00:00 +0100
Wed, 20 Mar 2019 12:00:00 +0100
fatto get_data() alle
2019-03-20 12:40:02.382643
Wed, 20 Mar 2019 12:00:00 +0100
Wed, 20 Mar 2019 12:00:00 +0100
Wed, 20 Mar 2019 12:00:00 +0100
Wed, 20 Mar 2019 12:00:00 +0100
Wed, 20 Mar 2019 12:00:00 +0100
Wed, 20 Mar 2019 12:00:00 +0100
fatto get_data() alle
2019-03-20 12:50:01.928513
Wed, 20 Mar 2019 12:00:00 +0100
Wed, 20 Mar 2019 12:00:00 +0100
Wed, 20 Mar 2019 12:00:00 +0100
Wed, 20 Mar 2019 12:00:00 +0100
Wed, 20 Mar 2019 12:00:00 +0100
Wed, 20 Mar 2019 12:00:00 +0100
fatto get_data() alle
2019-03-20 13:00:09.723249
Wed, 20 Mar 2019 12:00:00 +0100
Wed, 20 Mar 2019 12:00:00 +0100
Wed, 20 Mar 2019 12:00:00 +0100
Wed, 20 Mar 2019 12:00:00 +0100
Wed, 20 Mar 2019 13:00:00 +0100
Wed, 20 Mar 2019 13:00:00 +0100
fatto get_data() alle
2019-03-20 13:10:02.170403
Wed, 20 Mar 2019 13:00:00 +0100
Wed, 20 Mar 2019 13:00:00 +0100
Wed, 20 Mar 2019 13:00:00 +0100
Wed, 20 Mar 2019 13:00:00 +0100
Wed, 20 Mar 2019 13:00:00 +0100
Wed, 20 Mar 2019 13:00:00 +0100
fatto get_data() alle
2019-03-22 15:10:02.703827
Fri, 22 Mar 2019 15:00:00 +0100
Fri, 22 Mar 2019 15:00:00 +0100
Fri, 22 Mar 2019 15:00:00 +0100
Fri, 22 Mar 2019 15:00:00 +0100
Fri, 22 Mar 2019 15:00:00 +0100
Fri, 22 Mar 2019 15:00:00 +0100
fatto aggrega() alle
2019-03-22 15:10:04.502505
Conteggio elementi: 0
fatto get_data() alle
2019-03-22 15:20:03.801657
Fri, 22 Mar 2019 15:00:00 +0100
Fri, 22 Mar 2019 15:00:00 +0100
Fri, 22 Mar 2019 15:00:00 +0100
Fri, 22 Mar 2019 15:00:00 +0100
Fri, 22 Mar 2019 15:00:00 +0100
Fri, 22 Mar 2019 15:00:00 +0100
fatto get_data() alle
2019-03-22 15:30:02.157840
Fri, 22 Mar 2019 15:00:00 +0100
Fri, 22 Mar 2019 15:00:00 +0100
Fri, 22 Mar 2019 15:00:00 +0100
Fri, 22 Mar 2019 15:00:00 +0100
Fri, 22 Mar 2019 15:00:00 +0100
Fri, 22 Mar 2019 15:00:00 +0100
fatto get_data() alle
2019-03-22 15:40:01.803919
Fri, 22 Mar 2019 15:00:00 +0100
Fri, 22 Mar 2019 15:00:00 +0100
Fri, 22 Mar 2019 15:00:00 +0100
Fri, 22 Mar 2019 15:00:00 +0100
Fri, 22 Mar 2019 15:00:00 +0100
Fri, 22 Mar 2019 15:00:00 +0100
fatto get_data() alle
2019-03-22 15:50:02.082980
Fri, 22 Mar 2019 15:00:00 +0100
Fri, 22 Mar 2019 15:00:00 +0100
Fri, 22 Mar 2019 15:00:00 +0100
Fri, 22 Mar 2019 15:00:00 +0100
Fri, 22 Mar 2019 15:00:00 +0100
Fri, 22 Mar 2019 15:00:00 +0100
fatto get_data() alle
2019-03-25 09:00:08.487582
Mon, 25 Mar 2019 08:00:00 +0100
Mon, 25 Mar 2019 08:00:00 +0100
Mon, 25 Mar 2019 09:00:00 +0100
Mon, 25 Mar 2019 08:00:00 +0100
Mon, 25 Mar 2019 09:00:00 +0100
Mon, 25 Mar 2019 09:00:00 +0100
fatto aggrega() alle
2019-03-25 09:00:10.479155
Conteggio elementi: 0
fatto get_data() alle
2019-03-25 09:10:02.451501
Mon, 25 Mar 2019 09:00:00 +0100
Mon, 25 Mar 2019 09:00:00 +0100
Mon, 25 Mar 2019 09:00:00 +0100
Mon, 25 Mar 2019 09:00:00 +0100
Mon, 25 Mar 2019 09:00:00 +0100
Mon, 25 Mar 2019 09:00:00 +0100
fatto get_data() alle
2019-03-25 09:20:01.960372
Mon, 25 Mar 2019 09:00:00 +0100
Mon, 25 Mar 2019 09:00:00 +0100
Mon, 25 Mar 2019 09:00:00 +0100
Mon, 25 Mar 2019 09:00:00 +0100
Mon, 25 Mar 2019 09:00:00 +0100
Mon, 25 Mar 2019 09:00:00 +0100
fatto get_data() alle
2019-03-25 09:30:02.343502
Mon, 25 Mar 2019 09:00:00 +0100
Mon, 25 Mar 2019 09:00:00 +0100
Mon, 25 Mar 2019 09:00:00 +0100
Mon, 25 Mar 2019 09:00:00 +0100
Mon, 25 Mar 2019 09:00:00 +0100
Mon, 25 Mar 2019 09:00:00 +0100
fatto get_data() alle
2019-03-25 09:40:01.777366
Mon, 25 Mar 2019 09:00:00 +0100
Mon, 25 Mar 2019 09:00:00 +0100
Mon, 25 Mar 2019 09:00:00 +0100
Mon, 25 Mar 2019 09:00:00 +0100
Mon, 25 Mar 2019 09:00:00 +0100
Mon, 25 Mar 2019 09:00:00 +0100
fatto get_data() alle
2019-03-25 09:50:02.031602
Mon, 25 Mar 2019 09:00:00 +0100
Mon, 25 Mar 2019 09:00:00 +0100
Mon, 25 Mar 2019 09:00:00 +0100
Mon, 25 Mar 2019 09:00:00 +0100
Mon, 25 Mar 2019 09:00:00 +0100
Mon, 25 Mar 2019 09:00:00 +0100
fatto get_data() alle
2019-03-25 10:00:02.339319
Mon, 25 Mar 2019 09:00:00 +0100
Mon, 25 Mar 2019 09:00:00 +0100
Mon, 25 Mar 2019 09:00:00 +0100
Mon, 25 Mar 2019 09:00:00 +0100
Mon, 25 Mar 2019 10:00:00 +0100
Mon, 25 Mar 2019 10:00:00 +0100
fatto get_data() alle
2019-03-25 10:10:01.671510
Mon, 25 Mar 2019 10:00:00 +0100
Mon, 25 Mar 2019 10:00:00 +0100
Mon, 25 Mar 2019 09:00:00 +0100
Mon, 25 Mar 2019 10:00:00 +0100
Mon, 25 Mar 2019 10:00:00 +0100
Mon, 25 Mar 2019 10:00:00 +0100
fatto get_data() alle
2019-03-25 10:20:14.730184
Mon, 25 Mar 2019 10:00:00 +0100
Mon, 25 Mar 2019 10:00:00 +0100
Mon, 25 Mar 2019 09:00:00 +0100
Mon, 25 Mar 2019 10:00:00 +0100
Mon, 25 Mar 2019 10:00:00 +0100
Mon, 25 Mar 2019 10:00:00 +0100
fatto get_data() alle
2019-03-25 10:30:06.476259
Mon, 25 Mar 2019 10:00:00 +0100
Mon, 25 Mar 2019 10:00:00 +0100
Mon, 25 Mar 2019 09:00:00 +0100
Mon, 25 Mar 2019 10:00:00 +0100
Mon, 25 Mar 2019 10:00:00 +0100
Mon, 25 Mar 2019 10:00:00 +0100
fatto get_data() alle
2019-03-25 10:40:03.366730
Mon, 25 Mar 2019 10:00:00 +0100
Mon, 25 Mar 2019 10:00:00 +0100
Mon, 25 Mar 2019 09:00:00 +0100
Mon, 25 Mar 2019 10:00:00 +0100
Mon, 25 Mar 2019 10:00:00 +0100
Mon, 25 Mar 2019 10:00:00 +0100
fatto get_data() alle
2019-03-25 11:20:02.183247
Mon, 25 Mar 2019 11:00:00 +0100
Mon, 25 Mar 2019 11:00:00 +0100
Mon, 25 Mar 2019 11:00:00 +0100
Mon, 25 Mar 2019 11:00:00 +0100
Mon, 25 Mar 2019 11:00:00 +0100
Mon, 25 Mar 2019 11:00:00 +0100
fatto get_data() alle
2019-03-25 12:20:02.052074
Mon, 25 Mar 2019 12:00:00 +0100
Mon, 25 Mar 2019 12:00:00 +0100
Mon, 25 Mar 2019 12:00:00 +0100
Mon, 25 Mar 2019 12:00:00 +0100
Mon, 25 Mar 2019 12:00:00 +0100
Mon, 25 Mar 2019 12:00:00 +0100
fatto get_data() alle
2019-03-25 14:50:12.210968
Mon, 25 Mar 2019 14:00:00 +0100
Mon, 25 Mar 2019 14:00:00 +0100
Mon, 25 Mar 2019 14:00:00 +0100
Mon, 25 Mar 2019 14:00:00 +0100
Mon, 25 Mar 2019 14:00:00 +0100
Mon, 25 Mar 2019 14:00:00 +0100
fatto get_data() alle
2019-03-25 15:00:07.517163
Mon, 25 Mar 2019 14:00:00 +0100
Mon, 25 Mar 2019 14:00:00 +0100
Mon, 25 Mar 2019 15:00:00 +0100
Mon, 25 Mar 2019 14:00:00 +0100
Mon, 25 Mar 2019 15:00:00 +0100
Mon, 25 Mar 2019 15:00:00 +0100
fatto get_data() alle
2019-03-25 15:20:18.626717
Mon, 25 Mar 2019 15:00:00 +0100
Mon, 25 Mar 2019 15:00:00 +0100
Mon, 25 Mar 2019 15:00:00 +0100
Mon, 25 Mar 2019 15:00:00 +0100
Mon, 25 Mar 2019 15:00:00 +0100
Mon, 25 Mar 2019 15:00:00 +0100
fatto get_data() alle
2019-03-26 08:50:11.490794
Tue, 26 Mar 2019 08:00:00 +0100
Tue, 26 Mar 2019 08:00:00 +0100
Tue, 26 Mar 2019 08:00:00 +0100
Tue, 26 Mar 2019 08:00:00 +0100
Tue, 26 Mar 2019 08:00:00 +0100
Tue, 26 Mar 2019 08:00:00 +0100
fatto aggrega() alle
2019-03-26 08:50:13.420562
Conteggio elementi: 38
fatto get_data() alle
2019-03-26 09:00:02.457772
Tue, 26 Mar 2019 08:00:00 +0100
Tue, 26 Mar 2019 08:00:00 +0100
Tue, 26 Mar 2019 09:00:00 +0100
Tue, 26 Mar 2019 08:00:00 +0100
Tue, 26 Mar 2019 09:00:00 +0100
Tue, 26 Mar 2019 09:00:00 +0100
fatto get_data() alle
2019-03-26 09:10:01.599492
Tue, 26 Mar 2019 09:00:00 +0100
Tue, 26 Mar 2019 09:00:00 +0100
Tue, 26 Mar 2019 09:00:00 +0100
Tue, 26 Mar 2019 09:00:00 +0100
Tue, 26 Mar 2019 09:00:00 +0100
Tue, 26 Mar 2019 09:00:00 +0100
fatto get_data() alle
2019-03-26 09:20:02.042270
Tue, 26 Mar 2019 09:00:00 +0100
Tue, 26 Mar 2019 09:00:00 +0100
Tue, 26 Mar 2019 09:00:00 +0100
Tue, 26 Mar 2019 09:00:00 +0100
Tue, 26 Mar 2019 09:00:00 +0100
Tue, 26 Mar 2019 09:00:00 +0100
fatto get_data() alle
2019-03-26 09:30:02.339133
Tue, 26 Mar 2019 09:00:00 +0100
Tue, 26 Mar 2019 09:00:00 +0100
Tue, 26 Mar 2019 09:00:00 +0100
Tue, 26 Mar 2019 09:00:00 +0100
Tue, 26 Mar 2019 09:00:00 +0100
Tue, 26 Mar 2019 09:00:00 +0100
fatto get_data() alle
2019-03-26 09:40:03.172370
Tue, 26 Mar 2019 09:00:00 +0100
Tue, 26 Mar 2019 09:00:00 +0100
Tue, 26 Mar 2019 09:00:00 +0100
Tue, 26 Mar 2019 09:00:00 +0100
Tue, 26 Mar 2019 09:00:00 +0100
Tue, 26 Mar 2019 09:00:00 +0100
fatto get_data() alle
2019-03-26 09:50:01.503107
Tue, 26 Mar 2019 09:00:00 +0100
Tue, 26 Mar 2019 09:00:00 +0100
Tue, 26 Mar 2019 09:00:00 +0100
Tue, 26 Mar 2019 09:00:00 +0100
Tue, 26 Mar 2019 09:00:00 +0100
Tue, 26 Mar 2019 09:00:00 +0100
fatto get_data() alle
2019-03-26 10:00:01.936057
Tue, 26 Mar 2019 09:00:00 +0100
Tue, 26 Mar 2019 09:00:00 +0100
Tue, 26 Mar 2019 10:00:00 +0100
Tue, 26 Mar 2019 09:00:00 +0100
Tue, 26 Mar 2019 10:00:00 +0100
Tue, 26 Mar 2019 09:00:00 +0100
fatto get_data() alle
2019-03-26 10:10:02.469409
Tue, 26 Mar 2019 10:00:00 +0100
Tue, 26 Mar 2019 10:00:00 +0100
Tue, 26 Mar 2019 10:00:00 +0100
Tue, 26 Mar 2019 10:00:00 +0100
Tue, 26 Mar 2019 10:00:00 +0100
Tue, 26 Mar 2019 09:00:00 +0100
fatto get_data() alle
2019-03-26 10:20:01.810879
Tue, 26 Mar 2019 10:00:00 +0100
Tue, 26 Mar 2019 10:00:00 +0100
Tue, 26 Mar 2019 10:00:00 +0100
Tue, 26 Mar 2019 10:00:00 +0100
Tue, 26 Mar 2019 10:00:00 +0100
Tue, 26 Mar 2019 09:00:00 +0100
fatto get_data() alle
2019-03-26 10:30:03.728716
Tue, 26 Mar 2019 10:00:00 +0100
Tue, 26 Mar 2019 10:00:00 +0100
Tue, 26 Mar 2019 10:00:00 +0100
Tue, 26 Mar 2019 10:00:00 +0100
Tue, 26 Mar 2019 10:00:00 +0100
Tue, 26 Mar 2019 09:00:00 +0100
fatto get_data() alle
2019-03-26 11:20:01.624179
Tue, 26 Mar 2019 11:00:00 +0100
Tue, 26 Mar 2019 11:00:00 +0100
Tue, 26 Mar 2019 11:00:00 +0100
Tue, 26 Mar 2019 11:00:00 +0100
Tue, 26 Mar 2019 11:00:00 +0100
Tue, 26 Mar 2019 11:00:00 +0100
fatto get_data() alle
2019-03-26 12:20:02.395652
Tue, 26 Mar 2019 12:00:00 +0100
Tue, 26 Mar 2019 12:00:00 +0100
Tue, 26 Mar 2019 12:00:00 +0100
Tue, 26 Mar 2019 12:00:00 +0100
Tue, 26 Mar 2019 12:00:00 +0100
Tue, 26 Mar 2019 12:00:00 +0100
fatto get_data() alle
2019-03-26 13:20:07.464178
Tue, 26 Mar 2019 13:00:00 +0100
Tue, 26 Mar 2019 13:00:00 +0100
Tue, 26 Mar 2019 13:00:00 +0100
Tue, 26 Mar 2019 13:00:00 +0100
Tue, 26 Mar 2019 13:00:00 +0100
Tue, 26 Mar 2019 13:00:00 +0100
fatto get_data() alle
2019-03-26 14:20:10.580285
Tue, 26 Mar 2019 13:00:00 +0100
Tue, 26 Mar 2019 14:00:00 +0100
Tue, 26 Mar 2019 14:00:00 +0100
Tue, 26 Mar 2019 14:00:00 +0100
Tue, 26 Mar 2019 14:00:00 +0100
Tue, 26 Mar 2019 14:00:00 +0100
fatto get_data() alle
2019-03-26 15:20:15.881567
Tue, 26 Mar 2019 15:00:00 +0100
Tue, 26 Mar 2019 15:00:00 +0100
Tue, 26 Mar 2019 15:00:00 +0100
Tue, 26 Mar 2019 15:00:00 +0100
Tue, 26 Mar 2019 15:00:00 +0100
Tue, 26 Mar 2019 15:00:00 +0100
fatto get_data() alle
2019-03-26 16:20:10.251217
Tue, 26 Mar 2019 16:00:00 +0100
Tue, 26 Mar 2019 16:00:00 +0100
Tue, 26 Mar 2019 16:00:00 +0100
Tue, 26 Mar 2019 16:00:00 +0100
Tue, 26 Mar 2019 16:00:00 +0100
Tue, 26 Mar 2019 16:00:00 +0100
fatto get_data() alle
2019-03-27 09:00:05.931677
Wed, 27 Mar 2019 08:00:00 +0100
Wed, 27 Mar 2019 08:00:00 +0100
Wed, 27 Mar 2019 09:00:00 +0100
Wed, 27 Mar 2019 08:00:00 +0100
Wed, 27 Mar 2019 09:00:00 +0100
Wed, 27 Mar 2019 09:00:00 +0100
fatto aggrega() alle
2019-03-27 09:00:07.738685
Conteggio elementi: 52
fatto get_data() alle
2019-03-27 09:10:19.215685
Wed, 27 Mar 2019 09:00:00 +0100
Wed, 27 Mar 2019 09:00:00 +0100
Wed, 27 Mar 2019 09:00:00 +0100
Wed, 27 Mar 2019 09:00:00 +0100
Wed, 27 Mar 2019 09:00:00 +0100
Wed, 27 Mar 2019 09:00:00 +0100
fatto get_data() alle
2019-03-27 09:20:07.678819
Wed, 27 Mar 2019 09:00:00 +0100
Wed, 27 Mar 2019 09:00:00 +0100
Wed, 27 Mar 2019 09:00:00 +0100
Wed, 27 Mar 2019 09:00:00 +0100
Wed, 27 Mar 2019 09:00:00 +0100
Wed, 27 Mar 2019 09:00:00 +0100
fatto get_data() alle
2019-03-27 09:30:12.686586
Wed, 27 Mar 2019 09:00:00 +0100
Wed, 27 Mar 2019 09:00:00 +0100
Wed, 27 Mar 2019 09:00:00 +0100
Wed, 27 Mar 2019 09:00:00 +0100
Wed, 27 Mar 2019 09:00:00 +0100
Wed, 27 Mar 2019 09:00:00 +0100
fatto get_data() alle
2019-03-27 09:40:11.476798
Wed, 27 Mar 2019 09:00:00 +0100
Wed, 27 Mar 2019 09:00:00 +0100
Wed, 27 Mar 2019 09:00:00 +0100
Wed, 27 Mar 2019 09:00:00 +0100
Wed, 27 Mar 2019 09:00:00 +0100
Wed, 27 Mar 2019 09:00:00 +0100
fatto get_data() alle
2019-03-27 09:50:15.824074
Wed, 27 Mar 2019 09:00:00 +0100
Wed, 27 Mar 2019 09:00:00 +0100
Wed, 27 Mar 2019 09:00:00 +0100
Wed, 27 Mar 2019 09:00:00 +0100
Wed, 27 Mar 2019 09:00:00 +0100
Wed, 27 Mar 2019 09:00:00 +0100
fatto get_data() alle
2019-03-27 10:00:14.776675
Wed, 27 Mar 2019 09:00:00 +0100
Wed, 27 Mar 2019 09:00:00 +0100
Wed, 27 Mar 2019 10:00:00 +0100
Wed, 27 Mar 2019 09:00:00 +0100
Wed, 27 Mar 2019 10:00:00 +0100
Wed, 27 Mar 2019 10:00:00 +0100
fatto get_data() alle
2019-03-27 10:10:09.257312
Wed, 27 Mar 2019 10:00:00 +0100
Wed, 27 Mar 2019 10:00:00 +0100
Wed, 27 Mar 2019 10:00:00 +0100
Wed, 27 Mar 2019 10:00:00 +0100
Wed, 27 Mar 2019 10:00:00 +0100
Wed, 27 Mar 2019 10:00:00 +0100
fatto get_data() alle
2019-03-27 10:20:21.912128
Wed, 27 Mar 2019 10:00:00 +0100
Wed, 27 Mar 2019 10:00:00 +0100
Wed, 27 Mar 2019 10:00:00 +0100
Wed, 27 Mar 2019 10:00:00 +0100
Wed, 27 Mar 2019 10:00:00 +0100
Wed, 27 Mar 2019 10:00:00 +0100
fatto get_data() alle
2019-03-27 10:30:13.607755
Wed, 27 Mar 2019 10:00:00 +0100
Wed, 27 Mar 2019 10:00:00 +0100
Wed, 27 Mar 2019 10:00:00 +0100
Wed, 27 Mar 2019 10:00:00 +0100
Wed, 27 Mar 2019 10:00:00 +0100
Wed, 27 Mar 2019 10:00:00 +0100
fatto get_data() alle
2019-03-27 10:40:14.952720
Wed, 27 Mar 2019 10:00:00 +0100
Wed, 27 Mar 2019 10:00:00 +0100
Wed, 27 Mar 2019 10:00:00 +0100
Wed, 27 Mar 2019 10:00:00 +0100
Wed, 27 Mar 2019 10:00:00 +0100
Wed, 27 Mar 2019 10:00:00 +0100
fatto get_data() alle
2019-03-27 11:20:02.872629
Wed, 27 Mar 2019 11:00:00 +0100
Wed, 27 Mar 2019 11:00:00 +0100
Wed, 27 Mar 2019 11:00:00 +0100
Wed, 27 Mar 2019 11:00:00 +0100
Wed, 27 Mar 2019 11:00:00 +0100
Wed, 27 Mar 2019 10:00:00 +0100
fatto get_data() alle
2019-03-27 12:20:02.177484
Wed, 27 Mar 2019 12:00:00 +0100
Wed, 27 Mar 2019 12:00:00 +0100
Wed, 27 Mar 2019 12:00:00 +0100
Wed, 27 Mar 2019 12:00:00 +0100
Wed, 27 Mar 2019 12:00:00 +0100
Wed, 27 Mar 2019 12:00:00 +0100
fatto get_data() alle
2019-03-27 15:00:08.472538
Wed, 27 Mar 2019 14:00:00 +0100
Wed, 27 Mar 2019 14:00:00 +0100
Wed, 27 Mar 2019 15:00:00 +0100
Wed, 27 Mar 2019 14:00:00 +0100
Wed, 27 Mar 2019 15:00:00 +0100
Wed, 27 Mar 2019 15:00:00 +0100
fatto get_data() alle
2019-03-27 15:10:02.129686
Wed, 27 Mar 2019 15:00:00 +0100
Wed, 27 Mar 2019 15:00:00 +0100
Wed, 27 Mar 2019 15:00:00 +0100
Wed, 27 Mar 2019 15:00:00 +0100
Wed, 27 Mar 2019 15:00:00 +0100
Wed, 27 Mar 2019 15:00:00 +0100
fatto get_data() alle
2019-03-27 15:20:02.035356
Wed, 27 Mar 2019 15:00:00 +0100
Wed, 27 Mar 2019 15:00:00 +0100
Wed, 27 Mar 2019 15:00:00 +0100
Wed, 27 Mar 2019 15:00:00 +0100
Wed, 27 Mar 2019 15:00:00 +0100
Wed, 27 Mar 2019 15:00:00 +0100
fatto get_data() alle
2019-03-27 16:20:01.977145
Wed, 27 Mar 2019 16:00:00 +0100
Wed, 27 Mar 2019 16:00:00 +0100
Wed, 27 Mar 2019 16:00:00 +0100
Wed, 27 Mar 2019 16:00:00 +0100
Wed, 27 Mar 2019 16:00:00 +0100
Wed, 27 Mar 2019 16:00:00 +0100
fatto get_data() alle
2019-03-27 17:20:01.848881
Wed, 27 Mar 2019 17:00:00 +0100
Wed, 27 Mar 2019 17:00:00 +0100
Wed, 27 Mar 2019 17:00:00 +0100
Wed, 27 Mar 2019 16:00:00 +0100
Wed, 27 Mar 2019 17:00:00 +0100
Wed, 27 Mar 2019 17:00:00 +0100
fatto get_data() alle
2019-03-28 09:50:10.464097
Thu, 28 Mar 2019 09:00:00 +0100
Thu, 28 Mar 2019 09:00:00 +0100
Thu, 28 Mar 2019 09:00:00 +0100
Thu, 28 Mar 2019 09:00:00 +0100
Thu, 28 Mar 2019 09:00:00 +0100
Thu, 28 Mar 2019 09:00:00 +0100
fatto aggrega() alle
2019-03-28 09:50:12.455864
Conteggio elementi: 46
fatto get_data() alle
2019-03-28 10:00:01.708440
Thu, 28 Mar 2019 09:00:00 +0100
Thu, 28 Mar 2019 09:00:00 +0100
Thu, 28 Mar 2019 10:00:00 +0100
Thu, 28 Mar 2019 09:00:00 +0100
Thu, 28 Mar 2019 10:00:00 +0100
Thu, 28 Mar 2019 10:00:00 +0100
fatto get_data() alle
2019-03-28 10:10:02.236331
Thu, 28 Mar 2019 10:00:00 +0100
Thu, 28 Mar 2019 10:00:00 +0100
Thu, 28 Mar 2019 10:00:00 +0100
Thu, 28 Mar 2019 10:00:00 +0100
Thu, 28 Mar 2019 10:00:00 +0100
Thu, 28 Mar 2019 10:00:00 +0100
fatto get_data() alle
2019-03-28 10:20:03.353262
Thu, 28 Mar 2019 10:00:00 +0100
Thu, 28 Mar 2019 10:00:00 +0100
Thu, 28 Mar 2019 10:00:00 +0100
Thu, 28 Mar 2019 10:00:00 +0100
Thu, 28 Mar 2019 10:00:00 +0100
Thu, 28 Mar 2019 10:00:00 +0100
fatto get_data() alle
2019-03-28 10:30:01.821242
Thu, 28 Mar 2019 10:00:00 +0100
Thu, 28 Mar 2019 10:00:00 +0100
Thu, 28 Mar 2019 10:00:00 +0100
Thu, 28 Mar 2019 10:00:00 +0100
Thu, 28 Mar 2019 10:00:00 +0100
Thu, 28 Mar 2019 10:00:00 +0100
fatto get_data() alle
2019-03-28 10:40:02.574467
Thu, 28 Mar 2019 10:00:00 +0100
Thu, 28 Mar 2019 10:00:00 +0100
Thu, 28 Mar 2019 10:00:00 +0100
Thu, 28 Mar 2019 10:00:00 +0100
Thu, 28 Mar 2019 10:00:00 +0100
Thu, 28 Mar 2019 10:00:00 +0100
fatto get_data() alle
2019-03-28 10:50:02.034947
Thu, 28 Mar 2019 10:00:00 +0100
Thu, 28 Mar 2019 10:00:00 +0100
Thu, 28 Mar 2019 10:00:00 +0100
Thu, 28 Mar 2019 10:00:00 +0100
Thu, 28 Mar 2019 10:00:00 +0100
Thu, 28 Mar 2019 10:00:00 +0100
fatto get_data() alle
2019-03-28 11:00:02.412015
Thu, 28 Mar 2019 10:00:00 +0100
Thu, 28 Mar 2019 10:00:00 +0100
Thu, 28 Mar 2019 11:00:00 +0100
Thu, 28 Mar 2019 10:00:00 +0100
Thu, 28 Mar 2019 11:00:00 +0100
Thu, 28 Mar 2019 11:00:00 +0100
fatto get_data() alle
2019-03-28 11:10:01.924615
Thu, 28 Mar 2019 11:00:00 +0100
Thu, 28 Mar 2019 11:00:00 +0100
Thu, 28 Mar 2019 11:00:00 +0100
Thu, 28 Mar 2019 11:00:00 +0100
Thu, 28 Mar 2019 11:00:00 +0100
Thu, 28 Mar 2019 11:00:00 +0100
fatto get_data() alle
2019-03-28 11:20:03.950801
Thu, 28 Mar 2019 11:00:00 +0100
Thu, 28 Mar 2019 11:00:00 +0100
Thu, 28 Mar 2019 11:00:00 +0100
Thu, 28 Mar 2019 11:00:00 +0100
Thu, 28 Mar 2019 11:00:00 +0100
Thu, 28 Mar 2019 11:00:00 +0100
fatto get_data() alle
2019-03-28 11:30:08.823688
Thu, 28 Mar 2019 11:00:00 +0100
Thu, 28 Mar 2019 11:00:00 +0100
Thu, 28 Mar 2019 11:00:00 +0100
Thu, 28 Mar 2019 11:00:00 +0100
Thu, 28 Mar 2019 11:00:00 +0100
Thu, 28 Mar 2019 11:00:00 +0100
fatto get_data() alle
2019-03-28 11:40:02.445047
Thu, 28 Mar 2019 11:00:00 +0100
Thu, 28 Mar 2019 11:00:00 +0100
Thu, 28 Mar 2019 11:00:00 +0100
Thu, 28 Mar 2019 11:00:00 +0100
Thu, 28 Mar 2019 11:00:00 +0100
Thu, 28 Mar 2019 11:00:00 +0100
fatto get_data() alle
2019-03-28 12:20:02.273253
Thu, 28 Mar 2019 12:00:00 +0100
Thu, 28 Mar 2019 12:00:00 +0100
Thu, 28 Mar 2019 12:00:00 +0100
Thu, 28 Mar 2019 12:00:00 +0100
Thu, 28 Mar 2019 12:00:00 +0100
Thu, 28 Mar 2019 12:00:00 +0100
fatto get_data() alle
2019-03-28 13:20:02.512586
Thu, 28 Mar 2019 13:00:00 +0100
Thu, 28 Mar 2019 13:00:00 +0100
Thu, 28 Mar 2019 13:00:00 +0100
Thu, 28 Mar 2019 13:00:00 +0100
Thu, 28 Mar 2019 13:00:00 +0100
Thu, 28 Mar 2019 13:00:00 +0100
fatto get_data() alle
2019-03-28 14:20:02.282097
Thu, 28 Mar 2019 14:00:00 +0100
Thu, 28 Mar 2019 14:00:00 +0100
Thu, 28 Mar 2019 14:00:00 +0100
Thu, 28 Mar 2019 14:00:00 +0100
Thu, 28 Mar 2019 14:00:00 +0100
Thu, 28 Mar 2019 14:00:00 +0100
fatto get_data() alle
2019-03-28 15:20:02.286920
Thu, 28 Mar 2019 15:00:00 +0100
Thu, 28 Mar 2019 15:00:00 +0100
Thu, 28 Mar 2019 15:00:00 +0100
Thu, 28 Mar 2019 15:00:00 +0100
Thu, 28 Mar 2019 15:00:00 +0100
Thu, 28 Mar 2019 15:00:00 +0100
fatto get_data() alle
2019-03-29 09:20:46.798411
Fri, 29 Mar 2019 09:00:00 +0100
Fri, 29 Mar 2019 09:00:00 +0100
Fri, 29 Mar 2019 09:00:00 +0100
Fri, 29 Mar 2019 09:00:00 +0100
Fri, 29 Mar 2019 09:00:00 +0100
Fri, 29 Mar 2019 09:00:00 +0100
fatto aggrega() alle
2019-03-29 09:20:49.286389
Conteggio elementi: 42
fatto get_data() alle
2019-03-29 09:30:02.019758
Fri, 29 Mar 2019 09:00:00 +0100
Fri, 29 Mar 2019 09:00:00 +0100
Fri, 29 Mar 2019 09:00:00 +0100
Fri, 29 Mar 2019 09:00:00 +0100
Fri, 29 Mar 2019 09:00:00 +0100
Fri, 29 Mar 2019 09:00:00 +0100
fatto get_data() alle
2019-03-29 09:40:02.035478
Fri, 29 Mar 2019 09:00:00 +0100
Fri, 29 Mar 2019 09:00:00 +0100
Fri, 29 Mar 2019 09:00:00 +0100
Fri, 29 Mar 2019 09:00:00 +0100
Fri, 29 Mar 2019 09:00:00 +0100
Fri, 29 Mar 2019 09:00:00 +0100
fatto get_data() alle
2019-03-29 09:50:01.422331
Fri, 29 Mar 2019 09:00:00 +0100
Fri, 29 Mar 2019 09:00:00 +0100
Fri, 29 Mar 2019 09:00:00 +0100
Fri, 29 Mar 2019 09:00:00 +0100
Fri, 29 Mar 2019 09:00:00 +0100
Fri, 29 Mar 2019 09:00:00 +0100
fatto get_data() alle
2019-03-29 10:00:02.110221
Fri, 29 Mar 2019 09:00:00 +0100
Fri, 29 Mar 2019 09:00:00 +0100
Fri, 29 Mar 2019 10:00:00 +0100
Fri, 29 Mar 2019 09:00:00 +0100
Fri, 29 Mar 2019 10:00:00 +0100
Fri, 29 Mar 2019 10:00:00 +0100
fatto get_data() alle
2019-03-29 10:10:03.486316
Fri, 29 Mar 2019 10:00:00 +0100
Fri, 29 Mar 2019 10:00:00 +0100
Fri, 29 Mar 2019 10:00:00 +0100
Fri, 29 Mar 2019 10:00:00 +0100
Fri, 29 Mar 2019 10:00:00 +0100
Fri, 29 Mar 2019 10:00:00 +0100
fatto get_data() alle
2019-03-29 10:20:01.948412
Fri, 29 Mar 2019 10:00:00 +0100
Fri, 29 Mar 2019 10:00:00 +0100
Fri, 29 Mar 2019 10:00:00 +0100
Fri, 29 Mar 2019 10:00:00 +0100
Fri, 29 Mar 2019 10:00:00 +0100
Fri, 29 Mar 2019 10:00:00 +0100
fatto get_data() alle
2019-03-29 10:30:02.187077
Fri, 29 Mar 2019 10:00:00 +0100
Fri, 29 Mar 2019 10:00:00 +0100
Fri, 29 Mar 2019 10:00:00 +0100
Fri, 29 Mar 2019 10:00:00 +0100
Fri, 29 Mar 2019 10:00:00 +0100
Fri, 29 Mar 2019 10:00:00 +0100
fatto get_data() alle
2019-03-29 10:40:02.429467
Fri, 29 Mar 2019 10:00:00 +0100
Fri, 29 Mar 2019 10:00:00 +0100
Fri, 29 Mar 2019 10:00:00 +0100
Fri, 29 Mar 2019 10:00:00 +0100
Fri, 29 Mar 2019 10:00:00 +0100
Fri, 29 Mar 2019 10:00:00 +0100
fatto get_data() alle
2019-03-29 10:50:01.681491
Fri, 29 Mar 2019 10:00:00 +0100
Fri, 29 Mar 2019 10:00:00 +0100
Fri, 29 Mar 2019 10:00:00 +0100
Fri, 29 Mar 2019 10:00:00 +0100
Fri, 29 Mar 2019 10:00:00 +0100
Fri, 29 Mar 2019 10:00:00 +0100
fatto get_data() alle
2019-03-29 11:00:02.098406
Fri, 29 Mar 2019 10:00:00 +0100
Fri, 29 Mar 2019 10:00:00 +0100
Fri, 29 Mar 2019 11:00:00 +0100
Fri, 29 Mar 2019 10:00:00 +0100
Fri, 29 Mar 2019 11:00:00 +0100
Fri, 29 Mar 2019 11:00:00 +0100
fatto get_data() alle
2019-03-29 13:40:11.511520
Fri, 29 Mar 2019 13:00:00 +0100
Fri, 29 Mar 2019 13:00:00 +0100
Fri, 29 Mar 2019 13:00:00 +0100
Fri, 29 Mar 2019 13:00:00 +0100
Fri, 29 Mar 2019 12:00:00 +0100
Fri, 29 Mar 2019 13:00:00 +0100
fatto get_data() alle
2019-03-29 13:50:01.718255
Fri, 29 Mar 2019 13:00:00 +0100
Fri, 29 Mar 2019 13:00:00 +0100
Fri, 29 Mar 2019 13:00:00 +0100
Fri, 29 Mar 2019 13:00:00 +0100
Fri, 29 Mar 2019 12:00:00 +0100
Fri, 29 Mar 2019 13:00:00 +0100
fatto get_data() alle
2019-03-29 14:00:02.202114
Fri, 29 Mar 2019 13:00:00 +0100
Fri, 29 Mar 2019 13:00:00 +0100
Fri, 29 Mar 2019 14:00:00 +0100
Fri, 29 Mar 2019 13:00:00 +0100
Fri, 29 Mar 2019 14:00:00 +0100
Fri, 29 Mar 2019 14:00:00 +0100
fatto get_data() alle
2019-03-29 14:20:01.861681
Fri, 29 Mar 2019 14:00:00 +0100
Fri, 29 Mar 2019 14:00:00 +0100
Fri, 29 Mar 2019 14:00:00 +0100
Fri, 29 Mar 2019 14:00:00 +0100
Fri, 29 Mar 2019 14:00:00 +0100
Fri, 29 Mar 2019 14:00:00 +0100
fatto get_data() alle
2019-03-29 15:20:01.653882
Fri, 29 Mar 2019 15:00:00 +0100
Fri, 29 Mar 2019 14:00:00 +0100
Fri, 29 Mar 2019 15:00:00 +0100
Fri, 29 Mar 2019 15:00:00 +0100
Fri, 29 Mar 2019 15:00:00 +0100
Fri, 29 Mar 2019 15:00:00 +0100
fatto get_data() alle
2019-04-01 09:21:06.146556
Mon, 1 Apr 2019 09:00:00 +0200
Mon, 1 Apr 2019 09:00:00 +0200
Mon, 1 Apr 2019 09:00:00 +0200
Mon, 1 Apr 2019 09:00:00 +0200
Mon, 1 Apr 2019 09:00:00 +0200
Mon, 1 Apr 2019 09:00:00 +0200
fatto aggrega() alle
2019-04-01 09:21:08.067728
Conteggio elementi: 0
fatto get_data() alle
2019-04-01 09:30:01.946288
Mon, 1 Apr 2019 09:00:00 +0200
Mon, 1 Apr 2019 09:00:00 +0200
Mon, 1 Apr 2019 09:00:00 +0200
Mon, 1 Apr 2019 09:00:00 +0200
Mon, 1 Apr 2019 09:00:00 +0200
Mon, 1 Apr 2019 09:00:00 +0200
fatto get_data() alle
2019-04-01 09:40:01.901958
Mon, 1 Apr 2019 09:00:00 +0200
Mon, 1 Apr 2019 09:00:00 +0200
Mon, 1 Apr 2019 09:00:00 +0200
Mon, 1 Apr 2019 09:00:00 +0200
Mon, 1 Apr 2019 09:00:00 +0200
Mon, 1 Apr 2019 09:00:00 +0200
fatto get_data() alle
2019-04-01 09:50:02.219680
Mon, 1 Apr 2019 09:00:00 +0200
Mon, 1 Apr 2019 09:00:00 +0200
Mon, 1 Apr 2019 09:00:00 +0200
Mon, 1 Apr 2019 09:00:00 +0200
Mon, 1 Apr 2019 09:00:00 +0200
Mon, 1 Apr 2019 09:00:00 +0200
fatto get_data() alle
2019-04-01 10:03:43.806945
Mon, 1 Apr 2019 10:00:00 +0200
Mon, 1 Apr 2019 10:00:00 +0200
Mon, 1 Apr 2019 10:00:00 +0200
Mon, 1 Apr 2019 10:00:00 +0200
Mon, 1 Apr 2019 10:00:00 +0200
Mon, 1 Apr 2019 10:00:00 +0200
fatto get_data() alle
2019-04-01 10:10:02.235394
Mon, 1 Apr 2019 10:00:00 +0200
Mon, 1 Apr 2019 10:00:00 +0200
Mon, 1 Apr 2019 10:00:00 +0200
Mon, 1 Apr 2019 10:00:00 +0200
Mon, 1 Apr 2019 10:00:00 +0200
Mon, 1 Apr 2019 10:00:00 +0200
fatto get_data() alle
2019-04-01 10:20:02.514498
Mon, 1 Apr 2019 10:00:00 +0200
Mon, 1 Apr 2019 10:00:00 +0200
Mon, 1 Apr 2019 10:00:00 +0200
Mon, 1 Apr 2019 10:00:00 +0200
Mon, 1 Apr 2019 10:00:00 +0200
Mon, 1 Apr 2019 10:00:00 +0200
fatto get_data() alle
2019-04-01 10:30:01.861864
Mon, 1 Apr 2019 10:00:00 +0200
Mon, 1 Apr 2019 10:00:00 +0200
Mon, 1 Apr 2019 10:00:00 +0200
Mon, 1 Apr 2019 10:00:00 +0200
Mon, 1 Apr 2019 10:00:00 +0200
Mon, 1 Apr 2019 10:00:00 +0200
fatto get_data() alle
2019-04-01 10:40:01.806057
Mon, 1 Apr 2019 10:00:00 +0200
Mon, 1 Apr 2019 10:00:00 +0200
Mon, 1 Apr 2019 10:00:00 +0200
Mon, 1 Apr 2019 10:00:00 +0200
Mon, 1 Apr 2019 10:00:00 +0200
Mon, 1 Apr 2019 10:00:00 +0200
fatto get_data() alle
2019-04-01 10:50:02.192951
Mon, 1 Apr 2019 10:00:00 +0200
Mon, 1 Apr 2019 10:00:00 +0200
Mon, 1 Apr 2019 10:00:00 +0200
Mon, 1 Apr 2019 10:00:00 +0200
Mon, 1 Apr 2019 10:00:00 +0200
Mon, 1 Apr 2019 10:00:00 +0200
fatto get_data() alle
2019-04-01 11:00:01.654723
Mon, 1 Apr 2019 11:00:00 +0200
Mon, 1 Apr 2019 11:00:00 +0200
Mon, 1 Apr 2019 11:00:00 +0200
Mon, 1 Apr 2019 11:00:00 +0200
Mon, 1 Apr 2019 11:00:00 +0200
Mon, 1 Apr 2019 11:00:00 +0200
fatto get_data() alle
2019-04-01 11:20:01.737834
Mon, 1 Apr 2019 11:00:00 +0200
Mon, 1 Apr 2019 11:00:00 +0200
Mon, 1 Apr 2019 11:00:00 +0200
Mon, 1 Apr 2019 11:00:00 +0200
Mon, 1 Apr 2019 11:00:00 +0200
Mon, 1 Apr 2019 11:00:00 +0200
fatto get_data() alle
2019-04-01 12:20:01.644939
Mon, 1 Apr 2019 12:00:00 +0200
Mon, 1 Apr 2019 12:00:00 +0200
Mon, 1 Apr 2019 12:00:00 +0200
Mon, 1 Apr 2019 12:00:00 +0200
Mon, 1 Apr 2019 12:00:00 +0200
Mon, 1 Apr 2019 12:00:00 +0200
fatto get_data() alle
2019-04-01 15:00:09.158295
Mon, 1 Apr 2019 15:00:00 +0200
Mon, 1 Apr 2019 15:00:00 +0200
Mon, 1 Apr 2019 15:00:00 +0200
Mon, 1 Apr 2019 15:00:00 +0200
Mon, 1 Apr 2019 15:00:00 +0200
Mon, 1 Apr 2019 15:00:00 +0200
fatto get_data() alle
2019-04-01 15:10:01.840930
Mon, 1 Apr 2019 15:00:00 +0200
Mon, 1 Apr 2019 15:00:00 +0200
Mon, 1 Apr 2019 15:00:00 +0200
Mon, 1 Apr 2019 15:00:00 +0200
Mon, 1 Apr 2019 15:00:00 +0200
Mon, 1 Apr 2019 15:00:00 +0200
fatto get_data() alle
2019-04-01 15:20:02.359375
Mon, 1 Apr 2019 15:00:00 +0200
Mon, 1 Apr 2019 15:00:00 +0200
Mon, 1 Apr 2019 15:00:00 +0200
Mon, 1 Apr 2019 15:00:00 +0200
Mon, 1 Apr 2019 15:00:00 +0200
Mon, 1 Apr 2019 15:00:00 +0200
